{"/Users/most-too/Desktop/dual_todolist/dual-todo/src/components/auth/LoginScreen.tsx": {"path":"/Users/most-too/Desktop/dual_todolist/dual-todo/src/components/auth/LoginScreen.tsx","statementMap":{"0":{"start":{"line":5,"column":24},"end":{"line":5,"column":null}},"1":{"start":{"line":6,"column":23},"end":{"line":6,"column":null}},"2":{"start":{"line":6,"column":43},"end":{"line":6,"column":57}},"3":{"start":{"line":7,"column":28},"end":{"line":7,"column":null}},"4":{"start":{"line":8,"column":32},"end":{"line":8,"column":null}},"5":{"start":{"line":10,"column":23},"end":{"line":21,"column":null}},"6":{"start":{"line":11,"column":4},"end":{"line":11,"column":null}},"7":{"start":{"line":12,"column":4},"end":{"line":12,"column":null}},"8":{"start":{"line":12,"column":21},"end":{"line":12,"column":null}},"9":{"start":{"line":13,"column":4},"end":{"line":13,"column":null}},"10":{"start":{"line":14,"column":4},"end":{"line":14,"column":null}},"11":{"start":{"line":16,"column":19},"end":{"line":16,"column":null}},"12":{"start":{"line":17,"column":4},"end":{"line":19,"column":null}},"13":{"start":{"line":18,"column":6},"end":{"line":18,"column":null}},"14":{"start":{"line":20,"column":4},"end":{"line":20,"column":null}},"15":{"start":{"line":23,"column":2},"end":{"line":122,"column":null}},"16":{"start":{"line":79,"column":16},"end":{"line":79,"column":null}},"17":{"start":{"line":80,"column":16},"end":{"line":80,"column":null}}},"fnMap":{"0":{"name":"LoginScreen","decl":{"start":{"line":4,"column":16},"end":{"line":4,"column":30}},"loc":{"start":{"line":4,"column":30},"end":{"line":124,"column":null}},"line":4},"1":{"name":"(anonymous_1)","decl":{"start":{"line":6,"column":23},"end":{"line":6,"column":37}},"loc":{"start":{"line":6,"column":43},"end":{"line":6,"column":57}},"line":6},"2":{"name":"(anonymous_2)","decl":{"start":{"line":10,"column":23},"end":{"line":10,"column":30}},"loc":{"start":{"line":10,"column":53},"end":{"line":21,"column":null}},"line":10},"3":{"name":"(anonymous_3)","decl":{"start":{"line":78,"column":14},"end":{"line":78,"column":25}},"loc":{"start":{"line":78,"column":31},"end":{"line":81,"column":null}},"line":78}},"branchMap":{"0":{"loc":{"start":{"line":12,"column":4},"end":{"line":12,"column":null}},"type":"if","locations":[{"start":{"line":12,"column":4},"end":{"line":12,"column":null}},{"start":{},"end":{}}],"line":12},"1":{"loc":{"start":{"line":17,"column":4},"end":{"line":19,"column":null}},"type":"if","locations":[{"start":{"line":17,"column":4},"end":{"line":19,"column":null}},{"start":{},"end":{}}],"line":17},"2":{"loc":{"start":{"line":18,"column":15},"end":{"line":18,"column":46}},"type":"binary-expr","locations":[{"start":{"line":18,"column":15},"end":{"line":18,"column":31}},{"start":{"line":18,"column":31},"end":{"line":18,"column":46}}],"line":18},"3":{"loc":{"start":{"line":72,"column":36},"end":{"line":72,"column":null}},"type":"cond-expr","locations":[{"start":{"line":72,"column":44},"end":{"line":72,"column":55}},{"start":{"line":72,"column":55},"end":{"line":72,"column":null}}],"line":72},"4":{"loc":{"start":{"line":85,"column":13},"end":{"line":95,"column":null}},"type":"binary-expr","locations":[{"start":{"line":85,"column":13},"end":{"line":85,"column":null}},{"start":{"line":86,"column":14},"end":{"line":95,"column":null}}],"line":85},"5":{"loc":{"start":{"line":102,"column":22},"end":{"line":102,"column":null}},"type":"binary-expr","locations":[{"start":{"line":102,"column":22},"end":{"line":102,"column":33}},{"start":{"line":102,"column":33},"end":{"line":102,"column":null}}],"line":102},"6":{"loc":{"start":{"line":105,"column":13},"end":{"line":105,"column":null}},"type":"cond-expr","locations":[{"start":{"line":105,"column":23},"end":{"line":105,"column":41}},{"start":{"line":105,"column":41},"end":{"line":105,"column":null}}],"line":105}},"s":{"0":35,"1":35,"2":105,"3":35,"4":35,"5":35,"6":3,"7":3,"8":0,"9":3,"10":3,"11":3,"12":3,"13":2,"14":3,"15":35,"16":26,"17":26},"f":{"0":35,"1":105,"2":3,"3":26},"b":{"0":[0,3],"1":[2,1],"2":[2,0],"3":[2,33],"4":[35,2],"5":[35,35],"6":[0,35]},"meta":{"lastBranch":7,"lastFunction":4,"lastStatement":18,"seen":{"f:4:16:4:30":0,"s:5:24:5:Infinity":0,"s:6:23:6:Infinity":1,"f:6:23:6:37":1,"s:6:43:6:57":2,"s:7:28:7:Infinity":3,"s:8:32:8:Infinity":4,"s:10:23:21:Infinity":5,"f:10:23:10:30":2,"s:11:4:11:Infinity":6,"b:12:4:12:Infinity:undefined:undefined:undefined:undefined":0,"s:12:4:12:Infinity":7,"s:12:21:12:Infinity":8,"s:13:4:13:Infinity":9,"s:14:4:14:Infinity":10,"s:16:19:16:Infinity":11,"b:17:4:19:Infinity:undefined:undefined:undefined:undefined":1,"s:17:4:19:Infinity":12,"s:18:6:18:Infinity":13,"b:18:15:18:31:18:31:18:46":2,"s:20:4:20:Infinity":14,"s:23:2:122:Infinity":15,"b:72:44:72:55:72:55:72:Infinity":3,"f:78:14:78:25":3,"s:79:16:79:Infinity":16,"s:80:16:80:Infinity":17,"b:85:13:85:Infinity:86:14:95:Infinity":4,"b:102:22:102:33:102:33:102:Infinity":5,"b:105:23:105:41:105:41:105:Infinity":6},"fnNames":{}}}
,"/Users/most-too/Desktop/dual_todolist/dual-todo/src/components/todo/AssigneeBadge.tsx": {"path":"/Users/most-too/Desktop/dual_todolist/dual-todo/src/components/todo/AssigneeBadge.tsx","statementMap":{"0":{"start":{"line":9,"column":18},"end":{"line":9,"column":null}},"1":{"start":{"line":10,"column":19},"end":{"line":10,"column":null}},"2":{"start":{"line":11,"column":17},"end":{"line":11,"column":null}},"3":{"start":{"line":13,"column":2},"end":{"line":58,"column":null}},"4":{"start":{"line":14,"column":4},"end":{"line":56,"column":null}},"5":{"start":{"line":60,"column":17},"end":{"line":60,"column":null}},"6":{"start":{"line":62,"column":2},"end":{"line":82,"column":null}}},"fnMap":{"0":{"name":"AssigneeBadge","decl":{"start":{"line":8,"column":16},"end":{"line":8,"column":30}},"loc":{"start":{"line":8,"column":67},"end":{"line":84,"column":null}},"line":8}},"branchMap":{"0":{"loc":{"start":{"line":8,"column":42},"end":{"line":8,"column":67}},"type":"default-arg","locations":[{"start":{"line":8,"column":49},"end":{"line":8,"column":67}}],"line":8},"1":{"loc":{"start":{"line":10,"column":19},"end":{"line":10,"column":null}},"type":"cond-expr","locations":[{"start":{"line":10,"column":29},"end":{"line":10,"column":40}},{"start":{"line":10,"column":40},"end":{"line":10,"column":null}}],"line":10},"2":{"loc":{"start":{"line":11,"column":17},"end":{"line":11,"column":null}},"type":"cond-expr","locations":[{"start":{"line":11,"column":27},"end":{"line":11,"column":36}},{"start":{"line":11,"column":36},"end":{"line":11,"column":null}}],"line":11},"3":{"loc":{"start":{"line":13,"column":2},"end":{"line":58,"column":null}},"type":"if","locations":[{"start":{"line":13,"column":2},"end":{"line":58,"column":null}},{"start":{},"end":{}}],"line":13},"4":{"loc":{"start":{"line":71,"column":25},"end":{"line":71,"column":null}},"type":"cond-expr","locations":[{"start":{"line":71,"column":34},"end":{"line":71,"column":58}},{"start":{"line":71,"column":58},"end":{"line":71,"column":null}}],"line":71},"5":{"loc":{"start":{"line":72,"column":15},"end":{"line":72,"column":null}},"type":"cond-expr","locations":[{"start":{"line":72,"column":24},"end":{"line":72,"column":43}},{"start":{"line":72,"column":43},"end":{"line":72,"column":null}}],"line":72},"6":{"loc":{"start":{"line":79,"column":26},"end":{"line":79,"column":null}},"type":"cond-expr","locations":[{"start":{"line":79,"column":35},"end":{"line":79,"column":44}},{"start":{"line":79,"column":44},"end":{"line":79,"column":null}}],"line":79},"7":{"loc":{"start":{"line":81,"column":7},"end":{"line":81,"column":null}},"type":"cond-expr","locations":[{"start":{"line":81,"column":16},"end":{"line":81,"column":22}},{"start":{"line":81,"column":22},"end":{"line":81,"column":null}}],"line":81}},"s":{"0":21,"1":21,"2":21,"3":21,"4":0,"5":21,"6":21},"f":{"0":21},"b":{"0":[21],"1":[21,0],"2":[21,0],"3":[0,21],"4":[21,0],"5":[21,0],"6":[21,0],"7":[21,0]},"meta":{"lastBranch":8,"lastFunction":1,"lastStatement":7,"seen":{"f:8:16:8:30":0,"b:8:49:8:67":0,"s:9:18:9:Infinity":0,"s:10:19:10:Infinity":1,"b:10:29:10:40:10:40:10:Infinity":1,"s:11:17:11:Infinity":2,"b:11:27:11:36:11:36:11:Infinity":2,"b:13:2:58:Infinity:undefined:undefined:undefined:undefined":3,"s:13:2:58:Infinity":3,"s:14:4:56:Infinity":4,"s:60:17:60:Infinity":5,"s:62:2:82:Infinity":6,"b:71:34:71:58:71:58:71:Infinity":4,"b:72:24:72:43:72:43:72:Infinity":5,"b:79:35:79:44:79:44:79:Infinity":6,"b:81:16:81:22:81:22:81:Infinity":7},"fnNames":{}}}
,"/Users/most-too/Desktop/dual_todolist/dual-todo/src/components/todo/PinIcon.tsx": {"path":"/Users/most-too/Desktop/dual_todolist/dual-todo/src/components/todo/PinIcon.tsx","statementMap":{"0":{"start":{"line":8,"column":2},"end":{"line":23,"column":null}}},"fnMap":{"0":{"name":"PinIcon","decl":{"start":{"line":7,"column":16},"end":{"line":7,"column":24}},"loc":{"start":{"line":7,"column":88},"end":{"line":25,"column":null}},"line":7}},"branchMap":{"0":{"loc":{"start":{"line":7,"column":26},"end":{"line":7,"column":44}},"type":"default-arg","locations":[{"start":{"line":7,"column":37},"end":{"line":7,"column":44}}],"line":7},"1":{"loc":{"start":{"line":7,"column":44},"end":{"line":7,"column":55}},"type":"default-arg","locations":[{"start":{"line":7,"column":51},"end":{"line":7,"column":55}}],"line":7},"2":{"loc":{"start":{"line":7,"column":55},"end":{"line":7,"column":88}},"type":"default-arg","locations":[{"start":{"line":7,"column":63},"end":{"line":7,"column":88}}],"line":7},"3":{"loc":{"start":{"line":13,"column":12},"end":{"line":13,"column":null}},"type":"cond-expr","locations":[{"start":{"line":13,"column":23},"end":{"line":13,"column":31}},{"start":{"line":13,"column":31},"end":{"line":13,"column":null}}],"line":13}},"s":{"0":21},"f":{"0":21},"b":{"0":[21],"1":[21],"2":[21],"3":[21,0]},"meta":{"lastBranch":4,"lastFunction":1,"lastStatement":1,"seen":{"f:7:16:7:24":0,"b:7:37:7:44":0,"b:7:51:7:55":1,"b:7:63:7:88":2,"s:8:2:23:Infinity":0,"b:13:23:13:31:13:31:13:Infinity":3},"fnNames":{}}}
,"/Users/most-too/Desktop/dual_todolist/dual-todo/src/components/todo/SortableChecklistItem.tsx": {"path":"/Users/most-too/Desktop/dual_todolist/dual-todo/src/components/todo/SortableChecklistItem.tsx","statementMap":{"0":{"start":{"line":25,"column":6},"end":{"line":25,"column":null}},"1":{"start":{"line":27,"column":16},"end":{"line":38,"column":null}},"2":{"start":{"line":40,"column":2},"end":{"line":135,"column":null}},"3":{"start":{"line":85,"column":24},"end":{"line":85,"column":null}},"4":{"start":{"line":93,"column":25},"end":{"line":93,"column":null}},"5":{"start":{"line":95,"column":10},"end":{"line":98,"column":null}},"6":{"start":{"line":96,"column":12},"end":{"line":96,"column":null}},"7":{"start":{"line":97,"column":12},"end":{"line":97,"column":null}},"8":{"start":{"line":119,"column":23},"end":{"line":119,"column":null}}},"fnMap":{"0":{"name":"SortableChecklistItem","decl":{"start":{"line":17,"column":16},"end":{"line":17,"column":38}},"loc":{"start":{"line":17,"column":132},"end":{"line":137,"column":null}},"line":17},"1":{"name":"(anonymous_1)","decl":{"start":{"line":85,"column":8},"end":{"line":85,"column":24}},"loc":{"start":{"line":85,"column":24},"end":{"line":85,"column":null}},"line":85},"2":{"name":"(anonymous_2)","decl":{"start":{"line":93,"column":8},"end":{"line":93,"column":19}},"loc":{"start":{"line":93,"column":25},"end":{"line":93,"column":null}},"line":93},"3":{"name":"(anonymous_3)","decl":{"start":{"line":94,"column":8},"end":{"line":94,"column":20}},"loc":{"start":{"line":94,"column":26},"end":{"line":99,"column":null}},"line":94},"4":{"name":"(anonymous_4)","decl":{"start":{"line":119,"column":8},"end":{"line":119,"column":23}},"loc":{"start":{"line":119,"column":23},"end":{"line":119,"column":null}},"line":119}},"branchMap":{"0":{"loc":{"start":{"line":30,"column":13},"end":{"line":30,"column":null}},"type":"cond-expr","locations":[{"start":{"line":30,"column":26},"end":{"line":30,"column":32}},{"start":{"line":30,"column":32},"end":{"line":30,"column":null}}],"line":30},"1":{"loc":{"start":{"line":31,"column":12},"end":{"line":31,"column":null}},"type":"cond-expr","locations":[{"start":{"line":31,"column":25},"end":{"line":31,"column":30}},{"start":{"line":31,"column":30},"end":{"line":31,"column":null}}],"line":31},"2":{"loc":{"start":{"line":42,"column":7},"end":{"line":57,"column":null}},"type":"binary-expr","locations":[{"start":{"line":42,"column":7},"end":{"line":42,"column":null}},{"start":{"line":43,"column":8},"end":{"line":57,"column":null}}],"line":42},"3":{"loc":{"start":{"line":60,"column":13},"end":{"line":60,"column":null}},"type":"cond-expr","locations":[{"start":{"line":60,"column":26},"end":{"line":60,"column":31}},{"start":{"line":60,"column":31},"end":{"line":60,"column":null}}],"line":60},"4":{"loc":{"start":{"line":61,"column":13},"end":{"line":61,"column":null}},"type":"cond-expr","locations":[{"start":{"line":61,"column":26},"end":{"line":61,"column":31}},{"start":{"line":61,"column":31},"end":{"line":61,"column":null}}],"line":61},"5":{"loc":{"start":{"line":64,"column":18},"end":{"line":64,"column":null}},"type":"cond-expr","locations":[{"start":{"line":64,"column":31},"end":{"line":64,"column":43}},{"start":{"line":64,"column":43},"end":{"line":64,"column":null}}],"line":64},"6":{"loc":{"start":{"line":66,"column":19},"end":{"line":66,"column":null}},"type":"cond-expr","locations":[{"start":{"line":66,"column":32},"end":{"line":66,"column":38}},{"start":{"line":66,"column":38},"end":{"line":66,"column":null}}],"line":66},"7":{"loc":{"start":{"line":87,"column":82},"end":{"line":87,"column":121}},"type":"cond-expr","locations":[{"start":{"line":87,"column":95},"end":{"line":87,"column":111}},{"start":{"line":87,"column":111},"end":{"line":87,"column":121}}],"line":87},"8":{"loc":{"start":{"line":95,"column":10},"end":{"line":98,"column":null}},"type":"if","locations":[{"start":{"line":95,"column":10},"end":{"line":98,"column":null}},{"start":{},"end":{}}],"line":95},"9":{"loc":{"start":{"line":95,"column":14},"end":{"line":95,"column":44}},"type":"binary-expr","locations":[{"start":{"line":95,"column":14},"end":{"line":95,"column":35}},{"start":{"line":95,"column":35},"end":{"line":95,"column":44}}],"line":95},"10":{"loc":{"start":{"line":111,"column":26},"end":{"line":111,"column":null}},"type":"cond-expr","locations":[{"start":{"line":111,"column":40},"end":{"line":111,"column":57}},{"start":{"line":111,"column":57},"end":{"line":111,"column":null}}],"line":111},"11":{"loc":{"start":{"line":112,"column":19},"end":{"line":112,"column":null}},"type":"cond-expr","locations":[{"start":{"line":112,"column":47},"end":{"line":112,"column":53}},{"start":{"line":112,"column":53},"end":{"line":112,"column":null}}],"line":112},"12":{"loc":{"start":{"line":112,"column":19},"end":{"line":112,"column":47}},"type":"binary-expr","locations":[{"start":{"line":112,"column":19},"end":{"line":112,"column":34}},{"start":{"line":112,"column":34},"end":{"line":112,"column":47}}],"line":112},"13":{"loc":{"start":{"line":124,"column":18},"end":{"line":124,"column":null}},"type":"cond-expr","locations":[{"start":{"line":124,"column":31},"end":{"line":124,"column":47}},{"start":{"line":124,"column":47},"end":{"line":124,"column":null}}],"line":124},"14":{"loc":{"start":{"line":128,"column":19},"end":{"line":128,"column":null}},"type":"cond-expr","locations":[{"start":{"line":128,"column":32},"end":{"line":128,"column":38}},{"start":{"line":128,"column":38},"end":{"line":128,"column":null}}],"line":128}},"s":{"0":4,"1":4,"2":4,"3":1,"4":0,"5":1,"6":1,"7":1,"8":0},"f":{"0":4,"1":1,"2":0,"3":1,"4":0},"b":{"0":[0,4],"1":[0,4],"2":[4,0],"3":[0,4],"4":[0,4],"5":[0,4],"6":[0,4],"7":[0,4],"8":[1,0],"9":[1,1],"10":[0,4],"11":[0,4],"12":[4,4],"13":[0,4],"14":[0,4]},"meta":{"lastBranch":15,"lastFunction":5,"lastStatement":9,"seen":{"f:17:16:17:38":0,"s:25:6:25:Infinity":0,"s:27:16:38:Infinity":1,"b:30:26:30:32:30:32:30:Infinity":0,"b:31:25:31:30:31:30:31:Infinity":1,"s:40:2:135:Infinity":2,"b:42:7:42:Infinity:43:8:57:Infinity":2,"b:60:26:60:31:60:31:60:Infinity":3,"b:61:26:61:31:61:31:61:Infinity":4,"b:64:31:64:43:64:43:64:Infinity":5,"b:66:32:66:38:66:38:66:Infinity":6,"f:85:8:85:24":1,"s:85:24:85:Infinity":3,"b:87:95:87:111:87:111:87:121":7,"f:93:8:93:19":2,"s:93:25:93:Infinity":4,"f:94:8:94:20":3,"b:95:10:98:Infinity:undefined:undefined:undefined:undefined":8,"s:95:10:98:Infinity":5,"b:95:14:95:35:95:35:95:44":9,"s:96:12:96:Infinity":6,"s:97:12:97:Infinity":7,"b:111:40:111:57:111:57:111:Infinity":10,"b:112:47:112:53:112:53:112:Infinity":11,"b:112:19:112:34:112:34:112:47":12,"f:119:8:119:23":4,"s:119:23:119:Infinity":8,"b:124:31:124:47:124:47:124:Infinity":13,"b:128:32:128:38:128:38:128:Infinity":14},"fnNames":{}}}
,"/Users/most-too/Desktop/dual_todolist/dual-todo/src/components/todo/SyncStatusIcon.tsx": {"path":"/Users/most-too/Desktop/dual_todolist/dual-todo/src/components/todo/SyncStatusIcon.tsx","statementMap":{"0":{"start":{"line":9,"column":2},"end":{"line":36,"column":null}},"1":{"start":{"line":10,"column":4},"end":{"line":34,"column":null}},"2":{"start":{"line":38,"column":2},"end":{"line":66,"column":null}},"3":{"start":{"line":39,"column":4},"end":{"line":64,"column":null}},"4":{"start":{"line":68,"column":2},"end":{"line":97,"column":null}},"5":{"start":{"line":69,"column":4},"end":{"line":95,"column":null}},"6":{"start":{"line":99,"column":2},"end":{"line":124,"column":null}}},"fnMap":{"0":{"name":"SyncStatusIcon","decl":{"start":{"line":7,"column":16},"end":{"line":7,"column":31}},"loc":{"start":{"line":7,"column":49},"end":{"line":126,"column":null}},"line":7}},"branchMap":{"0":{"loc":{"start":{"line":9,"column":2},"end":{"line":36,"column":null}},"type":"if","locations":[{"start":{"line":9,"column":2},"end":{"line":36,"column":null}},{"start":{},"end":{}}],"line":9},"1":{"loc":{"start":{"line":38,"column":2},"end":{"line":66,"column":null}},"type":"if","locations":[{"start":{"line":38,"column":2},"end":{"line":66,"column":null}},{"start":{},"end":{}}],"line":38},"2":{"loc":{"start":{"line":68,"column":2},"end":{"line":97,"column":null}},"type":"if","locations":[{"start":{"line":68,"column":2},"end":{"line":97,"column":null}},{"start":{},"end":{}}],"line":68}},"s":{"0":4,"1":1,"2":3,"3":1,"4":2,"5":1,"6":1},"f":{"0":4},"b":{"0":[1,3],"1":[1,2],"2":[1,1]},"meta":{"lastBranch":3,"lastFunction":1,"lastStatement":7,"seen":{"f:7:16:7:31":0,"b:9:2:36:Infinity:undefined:undefined:undefined:undefined":0,"s:9:2:36:Infinity":0,"s:10:4:34:Infinity":1,"b:38:2:66:Infinity:undefined:undefined:undefined:undefined":1,"s:38:2:66:Infinity":2,"s:39:4:64:Infinity":3,"b:68:2:97:Infinity:undefined:undefined:undefined:undefined":2,"s:68:2:97:Infinity":4,"s:69:4:95:Infinity":5,"s:99:2:124:Infinity":6},"fnNames":{}}}
,"/Users/most-too/Desktop/dual_todolist/dual-todo/src/components/todo/TodoCard.tsx": {"path":"/Users/most-too/Desktop/dual_todolist/dual-todo/src/components/todo/TodoCard.tsx","statementMap":{"0":{"start":{"line":17,"column":30},"end":{"line":17,"column":null}},"1":{"start":{"line":17,"column":48},"end":{"line":17,"column":69}},"2":{"start":{"line":18,"column":21},"end":{"line":18,"column":null}},"3":{"start":{"line":18,"column":39},"end":{"line":18,"column":51}},"4":{"start":{"line":19,"column":31},"end":{"line":19,"column":null}},"5":{"start":{"line":19,"column":49},"end":{"line":19,"column":71}},"6":{"start":{"line":21,"column":44},"end":{"line":21,"column":null}},"7":{"start":{"line":22,"column":40},"end":{"line":22,"column":null}},"8":{"start":{"line":31,"column":6},"end":{"line":31,"column":null}},"9":{"start":{"line":33,"column":16},"end":{"line":37,"column":null}},"10":{"start":{"line":39,"column":8},"end":{"line":42,"column":null}},"11":{"start":{"line":40,"column":4},"end":{"line":40,"column":null}},"12":{"start":{"line":41,"column":4},"end":{"line":41,"column":null}},"13":{"start":{"line":44,"column":29},"end":{"line":59,"column":null}},"14":{"start":{"line":45,"column":4},"end":{"line":45,"column":null}},"15":{"start":{"line":46,"column":20},"end":{"line":46,"column":null}},"16":{"start":{"line":47,"column":24},"end":{"line":47,"column":null}},"17":{"start":{"line":47,"column":46},"end":{"line":47,"column":61}},"18":{"start":{"line":48,"column":4},"end":{"line":48,"column":null}},"19":{"start":{"line":48,"column":54},"end":{"line":48,"column":null}},"20":{"start":{"line":50,"column":10},"end":{"line":52,"column":null}},"21":{"start":{"line":51,"column":6},"end":{"line":51,"column":null}},"22":{"start":{"line":54,"column":4},"end":{"line":58,"column":null}},"23":{"start":{"line":55,"column":6},"end":{"line":55,"column":null}},"24":{"start":{"line":57,"column":6},"end":{"line":57,"column":null}},"25":{"start":{"line":61,"column":18},"end":{"line":61,"column":48}},"26":{"start":{"line":64,"column":20},"end":{"line":64,"column":null}},"27":{"start":{"line":67,"column":2},"end":{"line":69,"column":null}},"28":{"start":{"line":68,"column":4},"end":{"line":68,"column":null}},"29":{"start":{"line":71,"column":2},"end":{"line":272,"column":null}},"30":{"start":{"line":77,"column":8},"end":{"line":79,"column":null}},"31":{"start":{"line":78,"column":10},"end":{"line":78,"column":null}},"32":{"start":{"line":89,"column":28},"end":{"line":89,"column":null}},"33":{"start":{"line":132,"column":16},"end":{"line":132,"column":null}},"34":{"start":{"line":133,"column":16},"end":{"line":133,"column":null}},"35":{"start":{"line":155,"column":30},"end":{"line":155,"column":null}},"36":{"start":{"line":156,"column":12},"end":{"line":267,"column":null}},"37":{"start":{"line":189,"column":34},"end":{"line":189,"column":null}},"38":{"start":{"line":222,"column":34},"end":{"line":222,"column":null}},"39":{"start":{"line":223,"column":35},"end":{"line":223,"column":null}},"40":{"start":{"line":224,"column":32},"end":{"line":224,"column":null}},"41":{"start":{"line":226,"column":20},"end":{"line":230,"column":null}},"42":{"start":{"line":227,"column":22},"end":{"line":227,"column":null}},"43":{"start":{"line":228,"column":27},"end":{"line":230,"column":null}},"44":{"start":{"line":229,"column":22},"end":{"line":229,"column":null}},"45":{"start":{"line":248,"column":20},"end":{"line":248,"column":null}},"46":{"start":{"line":249,"column":20},"end":{"line":249,"column":null}},"47":{"start":{"line":250,"column":20},"end":{"line":250,"column":null}}},"fnMap":{"0":{"name":"TodoCard","decl":{"start":{"line":16,"column":16},"end":{"line":16,"column":25}},"loc":{"start":{"line":16,"column":65},"end":{"line":274,"column":null}},"line":16},"1":{"name":"(anonymous_1)","decl":{"start":{"line":17,"column":30},"end":{"line":17,"column":43}},"loc":{"start":{"line":17,"column":48},"end":{"line":17,"column":69}},"line":17},"2":{"name":"(anonymous_2)","decl":{"start":{"line":18,"column":21},"end":{"line":18,"column":34}},"loc":{"start":{"line":18,"column":39},"end":{"line":18,"column":51}},"line":18},"3":{"name":"(anonymous_3)","decl":{"start":{"line":19,"column":31},"end":{"line":19,"column":44}},"loc":{"start":{"line":19,"column":49},"end":{"line":19,"column":71}},"line":19},"4":{"name":"(anonymous_4)","decl":{"start":{"line":39,"column":8},"end":{"line":39,"column":24}},"loc":{"start":{"line":39,"column":69},"end":{"line":42,"column":null}},"line":39},"5":{"name":"(anonymous_5)","decl":{"start":{"line":44,"column":29},"end":{"line":44,"column":36}},"loc":{"start":{"line":44,"column":55},"end":{"line":59,"column":null}},"line":44},"6":{"name":"(anonymous_6)","decl":{"start":{"line":47,"column":36},"end":{"line":47,"column":41}},"loc":{"start":{"line":47,"column":46},"end":{"line":47,"column":61}},"line":47},"7":{"name":"(anonymous_7)","decl":{"start":{"line":50,"column":44},"end":{"line":50,"column":48}},"loc":{"start":{"line":51,"column":6},"end":{"line":51,"column":null}},"line":51},"8":{"name":"(anonymous_8)","decl":{"start":{"line":76,"column":6},"end":{"line":76,"column":21}},"loc":{"start":{"line":76,"column":21},"end":{"line":80,"column":null}},"line":76},"9":{"name":"(anonymous_9)","decl":{"start":{"line":89,"column":12},"end":{"line":89,"column":22}},"loc":{"start":{"line":89,"column":28},"end":{"line":89,"column":null}},"line":89},"10":{"name":"(anonymous_10)","decl":{"start":{"line":131,"column":14},"end":{"line":131,"column":24}},"loc":{"start":{"line":131,"column":30},"end":{"line":134,"column":null}},"line":131},"11":{"name":"(anonymous_11)","decl":{"start":{"line":154,"column":22},"end":{"line":154,"column":27}},"loc":{"start":{"line":154,"column":36},"end":{"line":269,"column":11}},"line":154},"12":{"name":"(anonymous_12)","decl":{"start":{"line":189,"column":18},"end":{"line":189,"column":28}},"loc":{"start":{"line":189,"column":34},"end":{"line":189,"column":null}},"line":189},"13":{"name":"(anonymous_13)","decl":{"start":{"line":222,"column":18},"end":{"line":222,"column":28}},"loc":{"start":{"line":222,"column":34},"end":{"line":222,"column":null}},"line":222},"14":{"name":"(anonymous_14)","decl":{"start":{"line":223,"column":18},"end":{"line":223,"column":29}},"loc":{"start":{"line":223,"column":35},"end":{"line":223,"column":null}},"line":223},"15":{"name":"(anonymous_15)","decl":{"start":{"line":224,"column":18},"end":{"line":224,"column":32}},"loc":{"start":{"line":224,"column":32},"end":{"line":224,"column":null}},"line":224},"16":{"name":"(anonymous_16)","decl":{"start":{"line":225,"column":18},"end":{"line":225,"column":30}},"loc":{"start":{"line":225,"column":36},"end":{"line":231,"column":null}},"line":225},"17":{"name":"(anonymous_17)","decl":{"start":{"line":247,"column":18},"end":{"line":247,"column":28}},"loc":{"start":{"line":247,"column":34},"end":{"line":251,"column":null}},"line":247}},"branchMap":{"0":{"loc":{"start":{"line":36,"column":12},"end":{"line":36,"column":null}},"type":"cond-expr","locations":[{"start":{"line":36,"column":25},"end":{"line":36,"column":30}},{"start":{"line":36,"column":30},"end":{"line":36,"column":null}}],"line":36},"1":{"loc":{"start":{"line":48,"column":4},"end":{"line":48,"column":null}},"type":"if","locations":[{"start":{"line":48,"column":4},"end":{"line":48,"column":null}},{"start":{},"end":{}}],"line":48},"2":{"loc":{"start":{"line":48,"column":8},"end":{"line":48,"column":54}},"type":"binary-expr","locations":[{"start":{"line":48,"column":8},"end":{"line":48,"column":24}},{"start":{"line":48,"column":24},"end":{"line":48,"column":54}}],"line":48},"3":{"loc":{"start":{"line":50,"column":26},"end":{"line":50,"column":42}},"type":"binary-expr","locations":[{"start":{"line":50,"column":26},"end":{"line":50,"column":40}},{"start":{"line":50,"column":40},"end":{"line":50,"column":42}}],"line":50},"4":{"loc":{"start":{"line":51,"column":6},"end":{"line":51,"column":null}},"type":"cond-expr","locations":[{"start":{"line":51,"column":25},"end":{"line":51,"column":52}},{"start":{"line":51,"column":52},"end":{"line":51,"column":null}}],"line":51},"5":{"loc":{"start":{"line":64,"column":145},"end":{"line":64,"column":null}},"type":"cond-expr","locations":[{"start":{"line":64,"column":158},"end":{"line":64,"column":173}},{"start":{"line":64,"column":173},"end":{"line":64,"column":null}}],"line":64},"6":{"loc":{"start":{"line":67,"column":2},"end":{"line":69,"column":null}},"type":"if","locations":[{"start":{"line":67,"column":2},"end":{"line":69,"column":null}},{"start":{},"end":{}}],"line":67},"7":{"loc":{"start":{"line":77,"column":8},"end":{"line":79,"column":null}},"type":"if","locations":[{"start":{"line":77,"column":8},"end":{"line":79,"column":null}},{"start":{},"end":{}}],"line":77},"8":{"loc":{"start":{"line":91,"column":22},"end":{"line":91,"column":null}},"type":"cond-expr","locations":[{"start":{"line":91,"column":35},"end":{"line":91,"column":48}},{"start":{"line":91,"column":48},"end":{"line":91,"column":null}}],"line":91},"9":{"loc":{"start":{"line":122,"column":11},"end":{"line":122,"column":null}},"type":"binary-expr","locations":[{"start":{"line":122,"column":11},"end":{"line":122,"column":25}},{"start":{"line":122,"column":25},"end":{"line":122,"column":null}}],"line":122},"10":{"loc":{"start":{"line":122,"column":40},"end":{"line":122,"column":94}},"type":"cond-expr","locations":[{"start":{"line":122,"column":57},"end":{"line":122,"column":84}},{"start":{"line":122,"column":84},"end":{"line":122,"column":94}}],"line":122},"11":{"loc":{"start":{"line":123,"column":11},"end":{"line":124,"column":null}},"type":"binary-expr","locations":[{"start":{"line":123,"column":11},"end":{"line":123,"column":22}},{"start":{"line":123,"column":22},"end":{"line":124,"column":null}}],"line":123},"12":{"loc":{"start":{"line":129,"column":11},"end":{"line":148,"column":null}},"type":"binary-expr","locations":[{"start":{"line":129,"column":11},"end":{"line":129,"column":null}},{"start":{"line":130,"column":12},"end":{"line":148,"column":null}}],"line":129},"13":{"loc":{"start":{"line":152,"column":7},"end":{"line":272,"column":null}},"type":"binary-expr","locations":[{"start":{"line":152,"column":7},"end":{"line":152,"column":21}},{"start":{"line":152,"column":21},"end":{"line":152,"column":null}},{"start":{"line":153,"column":8},"end":{"line":272,"column":null}}],"line":152},"14":{"loc":{"start":{"line":165,"column":27},"end":{"line":165,"column":null}},"type":"cond-expr","locations":[{"start":{"line":165,"column":55},"end":{"line":165,"column":62}},{"start":{"line":165,"column":62},"end":{"line":165,"column":null}}],"line":165},"15":{"loc":{"start":{"line":165,"column":27},"end":{"line":165,"column":55}},"type":"binary-expr","locations":[{"start":{"line":165,"column":27},"end":{"line":165,"column":42}},{"start":{"line":165,"column":42},"end":{"line":165,"column":55}}],"line":165},"16":{"loc":{"start":{"line":170,"column":17},"end":{"line":185,"column":null}},"type":"binary-expr","locations":[{"start":{"line":170,"column":17},"end":{"line":170,"column":null}},{"start":{"line":171,"column":18},"end":{"line":185,"column":null}}],"line":170},"17":{"loc":{"start":{"line":199,"column":25},"end":{"line":199,"column":null}},"type":"cond-expr","locations":[{"start":{"line":199,"column":39},"end":{"line":199,"column":60}},{"start":{"line":199,"column":60},"end":{"line":199,"column":null}}],"line":199},"18":{"loc":{"start":{"line":217,"column":15},"end":{"line":265,"column":null}},"type":"cond-expr","locations":[{"start":{"line":218,"column":16},"end":{"line":246,"column":17}},{"start":{"line":246,"column":16},"end":{"line":265,"column":null}}],"line":217},"19":{"loc":{"start":{"line":226,"column":20},"end":{"line":230,"column":null}},"type":"if","locations":[{"start":{"line":226,"column":20},"end":{"line":230,"column":null}},{"start":{"line":228,"column":27},"end":{"line":230,"column":null}}],"line":226},"20":{"loc":{"start":{"line":228,"column":27},"end":{"line":230,"column":null}},"type":"if","locations":[{"start":{"line":228,"column":27},"end":{"line":230,"column":null}},{"start":{},"end":{}}],"line":228},"21":{"loc":{"start":{"line":256,"column":36},"end":{"line":256,"column":null}},"type":"cond-expr","locations":[{"start":{"line":256,"column":50},"end":{"line":256,"column":67}},{"start":{"line":256,"column":67},"end":{"line":256,"column":null}}],"line":256}},"s":{"0":21,"1":63,"2":21,"3":63,"4":21,"5":63,"6":21,"7":21,"8":21,"9":21,"10":21,"11":1,"12":1,"13":21,"14":1,"15":1,"16":1,"17":1,"18":1,"19":0,"20":1,"21":1,"22":1,"23":1,"24":0,"25":21,"26":21,"27":21,"28":0,"29":21,"30":0,"31":0,"32":0,"33":0,"34":0,"35":21,"36":21,"37":1,"38":1,"39":16,"40":1,"41":15,"42":0,"43":15,"44":0,"45":1,"46":1,"47":1},"f":{"0":21,"1":63,"2":63,"3":63,"4":1,"5":1,"6":1,"7":1,"8":0,"9":0,"10":0,"11":21,"12":1,"13":1,"14":16,"15":1,"16":15,"17":1},"b":{"0":[0,21],"1":[0,1],"2":[1,1],"3":[1,0],"4":[1,0],"5":[0,21],"6":[0,21],"7":[0,0],"8":[0,21],"9":[21,0],"10":[0,0],"11":[21,0],"12":[21,21],"13":[21,21,21],"14":[0,21],"15":[21,0],"16":[21,0],"17":[0,21],"18":[17,4],"19":[0,15],"20":[0,15],"21":[0,4]},"meta":{"lastBranch":22,"lastFunction":18,"lastStatement":48,"seen":{"f:16:16:16:25":0,"s:17:30:17:Infinity":0,"f:17:30:17:43":1,"s:17:48:17:69":1,"s:18:21:18:Infinity":2,"f:18:21:18:34":2,"s:18:39:18:51":3,"s:19:31:19:Infinity":4,"f:19:31:19:44":3,"s:19:49:19:71":5,"s:21:44:21:Infinity":6,"s:22:40:22:Infinity":7,"s:31:6:31:Infinity":8,"s:33:16:37:Infinity":9,"b:36:25:36:30:36:30:36:Infinity":0,"s:39:8:42:Infinity":10,"f:39:8:39:24":4,"s:40:4:40:Infinity":11,"s:41:4:41:Infinity":12,"s:44:29:59:Infinity":13,"f:44:29:44:36":5,"s:45:4:45:Infinity":14,"s:46:20:46:Infinity":15,"s:47:24:47:Infinity":16,"f:47:36:47:41":6,"s:47:46:47:61":17,"b:48:4:48:Infinity:undefined:undefined:undefined:undefined":1,"s:48:4:48:Infinity":18,"b:48:8:48:24:48:24:48:54":2,"s:48:54:48:Infinity":19,"s:50:10:52:Infinity":20,"b:50:26:50:40:50:40:50:42":3,"f:50:44:50:48":7,"s:51:6:51:Infinity":21,"b:51:25:51:52:51:52:51:Infinity":4,"s:54:4:58:Infinity":22,"s:55:6:55:Infinity":23,"s:57:6:57:Infinity":24,"s:61:18:61:48":25,"s:64:20:64:Infinity":26,"b:64:158:64:173:64:173:64:Infinity":5,"b:67:2:69:Infinity:undefined:undefined:undefined:undefined":6,"s:67:2:69:Infinity":27,"s:68:4:68:Infinity":28,"s:71:2:272:Infinity":29,"f:76:6:76:21":8,"b:77:8:79:Infinity:undefined:undefined:undefined:undefined":7,"s:77:8:79:Infinity":30,"s:78:10:78:Infinity":31,"f:89:12:89:22":9,"s:89:28:89:Infinity":32,"b:91:35:91:48:91:48:91:Infinity":8,"b:122:11:122:25:122:25:122:Infinity":9,"b:122:57:122:84:122:84:122:94":10,"b:123:11:123:22:123:22:124:Infinity":11,"b:129:11:129:Infinity:130:12:148:Infinity":12,"f:131:14:131:24":10,"s:132:16:132:Infinity":33,"s:133:16:133:Infinity":34,"b:152:7:152:21:152:21:152:Infinity:153:8:272:Infinity":13,"f:154:22:154:27":11,"s:155:30:155:Infinity":35,"s:156:12:267:Infinity":36,"b:165:55:165:62:165:62:165:Infinity":14,"b:165:27:165:42:165:42:165:55":15,"b:170:17:170:Infinity:171:18:185:Infinity":16,"f:189:18:189:28":12,"s:189:34:189:Infinity":37,"b:199:39:199:60:199:60:199:Infinity":17,"b:218:16:246:17:246:16:265:Infinity":18,"f:222:18:222:28":13,"s:222:34:222:Infinity":38,"f:223:18:223:29":14,"s:223:35:223:Infinity":39,"f:224:18:224:32":15,"s:224:32:224:Infinity":40,"f:225:18:225:30":16,"b:226:20:230:Infinity:228:27:230:Infinity":19,"s:226:20:230:Infinity":41,"s:227:22:227:Infinity":42,"b:228:27:230:Infinity:undefined:undefined:undefined:undefined":20,"s:228:27:230:Infinity":43,"s:229:22:229:Infinity":44,"f:247:18:247:28":17,"s:248:20:248:Infinity":45,"s:249:20:249:Infinity":46,"s:250:20:250:Infinity":47,"b:256:50:256:67:256:67:256:Infinity":21},"fnNames":{}}}
,"/Users/most-too/Desktop/dual_todolist/dual-todo/src/config/firebase.ts": {"path":"/Users/most-too/Desktop/dual_todolist/dual-todo/src/config/firebase.ts","statementMap":{"0":{"start":{"line":10,"column":6},"end":{"line":22,"column":null}},"1":{"start":{"line":11,"column":2},"end":{"line":17,"column":null}},"2":{"start":{"line":12,"column":4},"end":{"line":14,"column":null}},"3":{"start":{"line":13,"column":6},"end":{"line":13,"column":null}},"4":{"start":{"line":18,"column":2},"end":{"line":20,"column":null}},"5":{"start":{"line":19,"column":4},"end":{"line":19,"column":null}},"6":{"start":{"line":21,"column":2},"end":{"line":21,"column":null}},"7":{"start":{"line":24,"column":23},"end":{"line":31,"column":null}},"8":{"start":{"line":33,"column":0},"end":{"line":37,"column":null}},"9":{"start":{"line":40,"column":19},"end":{"line":40,"column":78}},"10":{"start":{"line":42,"column":18},"end":{"line":42,"column":null}},"11":{"start":{"line":44,"column":0},"end":{"line":44,"column":null}},"12":{"start":{"line":46,"column":29},"end":{"line":53,"column":null}},"13":{"start":{"line":55,"column":0},"end":{"line":55,"column":null}}},"fnMap":{"0":{"name":"(anonymous_0)","decl":{"start":{"line":10,"column":6},"end":{"line":10,"column":16}},"loc":{"start":{"line":10,"column":40},"end":{"line":22,"column":null}},"line":10}},"branchMap":{"0":{"loc":{"start":{"line":12,"column":4},"end":{"line":14,"column":null}},"type":"if","locations":[{"start":{"line":12,"column":4},"end":{"line":14,"column":null}},{"start":{},"end":{}}],"line":12},"1":{"loc":{"start":{"line":12,"column":8},"end":{"line":12,"column":87}},"type":"binary-expr","locations":[{"start":{"line":12,"column":8},"end":{"line":12,"column":46}},{"start":{"line":12,"column":46},"end":{"line":12,"column":65}},{"start":{"line":12,"column":65},"end":{"line":12,"column":87}}],"line":12},"2":{"loc":{"start":{"line":18,"column":2},"end":{"line":20,"column":null}},"type":"if","locations":[{"start":{"line":18,"column":2},"end":{"line":20,"column":null}},{"start":{},"end":{}}],"line":18},"3":{"loc":{"start":{"line":18,"column":6},"end":{"line":18,"column":73}},"type":"binary-expr","locations":[{"start":{"line":18,"column":6},"end":{"line":18,"column":40}},{"start":{"line":18,"column":40},"end":{"line":18,"column":55}},{"start":{"line":18,"column":55},"end":{"line":18,"column":73}}],"line":18},"4":{"loc":{"start":{"line":25,"column":10},"end":{"line":25,"column":null}},"type":"binary-expr","locations":[{"start":{"line":25,"column":10},"end":{"line":25,"column":45}},{"start":{"line":25,"column":45},"end":{"line":25,"column":null}}],"line":25},"5":{"loc":{"start":{"line":26,"column":14},"end":{"line":26,"column":null}},"type":"binary-expr","locations":[{"start":{"line":26,"column":14},"end":{"line":26,"column":53}},{"start":{"line":26,"column":53},"end":{"line":26,"column":null}}],"line":26},"6":{"loc":{"start":{"line":27,"column":13},"end":{"line":27,"column":null}},"type":"binary-expr","locations":[{"start":{"line":27,"column":13},"end":{"line":27,"column":51}},{"start":{"line":27,"column":51},"end":{"line":27,"column":null}}],"line":27},"7":{"loc":{"start":{"line":28,"column":17},"end":{"line":28,"column":null}},"type":"binary-expr","locations":[{"start":{"line":28,"column":17},"end":{"line":28,"column":59}},{"start":{"line":28,"column":59},"end":{"line":28,"column":null}}],"line":28},"8":{"loc":{"start":{"line":29,"column":21},"end":{"line":29,"column":null}},"type":"binary-expr","locations":[{"start":{"line":29,"column":21},"end":{"line":29,"column":68}},{"start":{"line":29,"column":68},"end":{"line":29,"column":null}}],"line":29},"9":{"loc":{"start":{"line":30,"column":9},"end":{"line":30,"column":null}},"type":"binary-expr","locations":[{"start":{"line":30,"column":9},"end":{"line":30,"column":43}},{"start":{"line":30,"column":43},"end":{"line":30,"column":null}}],"line":30},"10":{"loc":{"start":{"line":40,"column":19},"end":{"line":40,"column":78}},"type":"cond-expr","locations":[{"start":{"line":40,"column":39},"end":{"line":40,"column":71}},{"start":{"line":40,"column":71},"end":{"line":40,"column":78}}],"line":40},"11":{"loc":{"start":{"line":46,"column":29},"end":{"line":53,"column":null}},"type":"cond-expr","locations":[{"start":{"line":47,"column":4},"end":{"line":52,"column":null}},{"start":{"line":53,"column":4},"end":{"line":53,"column":null}}],"line":46}},"s":{"0":1,"1":6,"2":6,"3":6,"4":0,"5":0,"6":0,"7":1,"8":1,"9":1,"10":1,"11":1,"12":1,"13":1},"f":{"0":6},"b":{"0":[6,0],"1":[6,6,6],"2":[0,0],"3":[0,0,0],"4":[1,0],"5":[1,0],"6":[1,0],"7":[1,0],"8":[1,0],"9":[1,0],"10":[1,0],"11":[1,0]},"meta":{"lastBranch":12,"lastFunction":1,"lastStatement":14,"seen":{"s:10:6:22:Infinity":0,"f:10:6:10:16":0,"s:11:2:17:Infinity":1,"b:12:4:14:Infinity:undefined:undefined:undefined:undefined":0,"s:12:4:14:Infinity":2,"b:12:8:12:46:12:46:12:65:12:65:12:87":1,"s:13:6:13:Infinity":3,"b:18:2:20:Infinity:undefined:undefined:undefined:undefined":2,"s:18:2:20:Infinity":4,"b:18:6:18:40:18:40:18:55:18:55:18:73":3,"s:19:4:19:Infinity":5,"s:21:2:21:Infinity":6,"s:24:23:31:Infinity":7,"b:25:10:25:45:25:45:25:Infinity":4,"b:26:14:26:53:26:53:26:Infinity":5,"b:27:13:27:51:27:51:27:Infinity":6,"b:28:17:28:59:28:59:28:Infinity":7,"b:29:21:29:68:29:68:29:Infinity":8,"b:30:9:30:43:30:43:30:Infinity":9,"s:33:0:37:Infinity":8,"s:40:19:40:78":9,"b:40:39:40:71:40:71:40:78":10,"s:42:18:42:Infinity":10,"s:44:0:44:Infinity":11,"s:46:29:53:Infinity":12,"b:47:4:52:Infinity:53:4:53:Infinity":11,"s:55:0:55:Infinity":13},"fnNames":{}}}
,"/Users/most-too/Desktop/dual_todolist/dual-todo/src/services/discordService.ts": {"path":"/Users/most-too/Desktop/dual_todolist/dual-todo/src/services/discordService.ts","statementMap":{"0":{"start":{"line":5,"column":21},"end":{"line":5,"column":null}},"1":{"start":{"line":13,"column":2},"end":{"line":15,"column":null}},"2":{"start":{"line":14,"column":4},"end":{"line":14,"column":null}},"3":{"start":{"line":17,"column":16},"end":{"line":17,"column":null}},"4":{"start":{"line":18,"column":27},"end":{"line":18,"column":null}},"5":{"start":{"line":19,"column":21},"end":{"line":19,"column":null}},"6":{"start":{"line":21,"column":2},"end":{"line":40,"column":null}},"7":{"start":{"line":23,"column":4},"end":{"line":32,"column":null}},"8":{"start":{"line":24,"column":6},"end":{"line":27,"column":null}},"9":{"start":{"line":25,"column":8},"end":{"line":25,"column":null}},"10":{"start":{"line":26,"column":8},"end":{"line":26,"column":null}},"11":{"start":{"line":28,"column":6},"end":{"line":30,"column":null}},"12":{"start":{"line":28,"column":19},"end":{"line":28,"column":22}},"13":{"start":{"line":29,"column":8},"end":{"line":29,"column":null}},"14":{"start":{"line":31,"column":6},"end":{"line":31,"column":null}},"15":{"start":{"line":34,"column":4},"end":{"line":39,"column":null}},"16":{"start":{"line":35,"column":6},"end":{"line":35,"column":null}},"17":{"start":{"line":36,"column":6},"end":{"line":36,"column":null}},"18":{"start":{"line":38,"column":6},"end":{"line":38,"column":null}},"19":{"start":{"line":42,"column":2},"end":{"line":44,"column":null}},"20":{"start":{"line":43,"column":4},"end":{"line":43,"column":null}},"21":{"start":{"line":46,"column":2},"end":{"line":46,"column":null}},"22":{"start":{"line":49,"column":30},"end":{"line":264,"column":null}},"23":{"start":{"line":51,"column":15},"end":{"line":51,"column":null}},"24":{"start":{"line":52,"column":18},"end":{"line":55,"column":null}},"25":{"start":{"line":56,"column":4},"end":{"line":56,"column":null}},"26":{"start":{"line":60,"column":4},"end":{"line":67,"column":null}},"27":{"start":{"line":61,"column":6},"end":{"line":64,"column":null}},"28":{"start":{"line":62,"column":20},"end":{"line":62,"column":null}},"29":{"start":{"line":63,"column":8},"end":{"line":63,"column":null}},"30":{"start":{"line":63,"column":17},"end":{"line":63,"column":null}},"31":{"start":{"line":68,"column":4},"end":{"line":70,"column":null}},"32":{"start":{"line":69,"column":6},"end":{"line":69,"column":null}},"33":{"start":{"line":71,"column":4},"end":{"line":71,"column":null}},"34":{"start":{"line":79,"column":23},"end":{"line":79,"column":null}},"35":{"start":{"line":80,"column":4},"end":{"line":83,"column":null}},"36":{"start":{"line":81,"column":6},"end":{"line":81,"column":null}},"37":{"start":{"line":82,"column":6},"end":{"line":82,"column":null}},"38":{"start":{"line":86,"column":4},"end":{"line":96,"column":null}},"39":{"start":{"line":87,"column":21},"end":{"line":87,"column":null}},"40":{"start":{"line":88,"column":6},"end":{"line":94,"column":null}},"41":{"start":{"line":89,"column":8},"end":{"line":93,"column":null}},"42":{"start":{"line":95,"column":6},"end":{"line":95,"column":null}},"43":{"start":{"line":98,"column":47},"end":{"line":102,"column":null}},"44":{"start":{"line":104,"column":4},"end":{"line":104,"column":null}},"45":{"start":{"line":108,"column":4},"end":{"line":123,"column":null}},"46":{"start":{"line":109,"column":23},"end":{"line":115,"column":null}},"47":{"start":{"line":117,"column":6},"end":{"line":119,"column":null}},"48":{"start":{"line":118,"column":8},"end":{"line":118,"column":null}},"49":{"start":{"line":121,"column":6},"end":{"line":121,"column":null}},"50":{"start":{"line":122,"column":6},"end":{"line":122,"column":null}},"51":{"start":{"line":131,"column":4},"end":{"line":134,"column":null}},"52":{"start":{"line":132,"column":6},"end":{"line":132,"column":null}},"53":{"start":{"line":133,"column":6},"end":{"line":133,"column":null}},"54":{"start":{"line":136,"column":16},"end":{"line":136,"column":null}},"55":{"start":{"line":137,"column":20},"end":{"line":137,"column":null}},"56":{"start":{"line":139,"column":21},"end":{"line":139,"column":null}},"57":{"start":{"line":139,"column":40},"end":{"line":139,"column":64}},"58":{"start":{"line":140,"column":21},"end":{"line":140,"column":null}},"59":{"start":{"line":140,"column":40},"end":{"line":140,"column":64}},"60":{"start":{"line":142,"column":28},"end":{"line":147,"column":null}},"61":{"start":{"line":149,"column":4},"end":{"line":155,"column":null}},"62":{"start":{"line":150,"column":6},"end":{"line":150,"column":null}},"63":{"start":{"line":151,"column":6},"end":{"line":153,"column":null}},"64":{"start":{"line":152,"column":8},"end":{"line":152,"column":null}},"65":{"start":{"line":154,"column":6},"end":{"line":154,"column":null}},"66":{"start":{"line":157,"column":4},"end":{"line":163,"column":null}},"67":{"start":{"line":158,"column":6},"end":{"line":158,"column":null}},"68":{"start":{"line":159,"column":6},"end":{"line":161,"column":null}},"69":{"start":{"line":160,"column":8},"end":{"line":160,"column":null}},"70":{"start":{"line":162,"column":6},"end":{"line":162,"column":null}},"71":{"start":{"line":165,"column":20},"end":{"line":165,"column":null}},"72":{"start":{"line":166,"column":4},"end":{"line":166,"column":null}},"73":{"start":{"line":173,"column":22},"end":{"line":173,"column":null}},"74":{"start":{"line":175,"column":20},"end":{"line":180,"column":null}},"75":{"start":{"line":182,"column":4},"end":{"line":182,"column":null}},"76":{"start":{"line":189,"column":22},"end":{"line":189,"column":null}},"77":{"start":{"line":191,"column":20},"end":{"line":196,"column":null}},"78":{"start":{"line":198,"column":4},"end":{"line":198,"column":null}},"79":{"start":{"line":224,"column":17},"end":{"line":224,"column":null}},"80":{"start":{"line":225,"column":27},"end":{"line":225,"column":null}},"81":{"start":{"line":229,"column":6},"end":{"line":229,"column":null}},"82":{"start":{"line":231,"column":34},"end":{"line":241,"column":null}},"83":{"start":{"line":243,"column":4},"end":{"line":247,"column":null}},"84":{"start":{"line":244,"column":6},"end":{"line":244,"column":null}},"85":{"start":{"line":245,"column":6},"end":{"line":245,"column":null}},"86":{"start":{"line":246,"column":6},"end":{"line":246,"column":null}},"87":{"start":{"line":249,"column":4},"end":{"line":249,"column":null}},"88":{"start":{"line":251,"column":35},"end":{"line":251,"column":null}},"89":{"start":{"line":252,"column":4},"end":{"line":258,"column":null}},"90":{"start":{"line":253,"column":6},"end":{"line":253,"column":null}},"91":{"start":{"line":254,"column":6},"end":{"line":257,"column":null}},"92":{"start":{"line":255,"column":28},"end":{"line":255,"column":null}},"93":{"start":{"line":256,"column":8},"end":{"line":256,"column":null}},"94":{"start":{"line":260,"column":21},"end":{"line":260,"column":null}},"95":{"start":{"line":262,"column":4},"end":{"line":262,"column":null}}},"fnMap":{"0":{"name":"splitDiscordMessage","decl":{"start":{"line":12,"column":16},"end":{"line":12,"column":36}},"loc":{"start":{"line":12,"column":86},"end":{"line":47,"column":null}},"line":12},"1":{"name":"sendTaskCompleted","decl":{"start":{"line":50,"column":8},"end":{"line":50,"column":26}},"loc":{"start":{"line":50,"column":84},"end":{"line":57,"column":null}},"line":50},"2":{"name":"getWebhookUrl","decl":{"start":{"line":59,"column":2},"end":{"line":59,"column":38}},"loc":{"start":{"line":59,"column":38},"end":{"line":72,"column":null}},"line":59},"3":{"name":"sendMessage","decl":{"start":{"line":78,"column":8},"end":{"line":78,"column":20}},"loc":{"start":{"line":78,"column":85},"end":{"line":105,"column":null}},"line":78},"4":{"name":"postDirect","decl":{"start":{"line":107,"column":8},"end":{"line":107,"column":19}},"loc":{"start":{"line":107,"column":71},"end":{"line":124,"column":null}},"line":107},"5":{"name":"sendBatchedCompletions","decl":{"start":{"line":130,"column":8},"end":{"line":130,"column":31}},"loc":{"start":{"line":130,"column":57},"end":{"line":167,"column":null}},"line":130},"6":{"name":"(anonymous_6)","decl":{"start":{"line":139,"column":26},"end":{"line":139,"column":34}},"loc":{"start":{"line":139,"column":40},"end":{"line":139,"column":64}},"line":139},"7":{"name":"(anonymous_7)","decl":{"start":{"line":140,"column":26},"end":{"line":140,"column":34}},"loc":{"start":{"line":140,"column":40},"end":{"line":140,"column":64}},"line":140},"8":{"name":"(anonymous_8)","decl":{"start":{"line":151,"column":15},"end":{"line":151,"column":24}},"loc":{"start":{"line":151,"column":30},"end":{"line":153,"column":7}},"line":151},"9":{"name":"(anonymous_9)","decl":{"start":{"line":159,"column":15},"end":{"line":159,"column":24}},"loc":{"start":{"line":159,"column":30},"end":{"line":161,"column":7}},"line":159},"10":{"name":"sendCheckinReminder","decl":{"start":{"line":172,"column":8},"end":{"line":172,"column":30}},"loc":{"start":{"line":172,"column":30},"end":{"line":183,"column":null}},"line":172},"11":{"name":"sendNightlyReminder","decl":{"start":{"line":188,"column":8},"end":{"line":188,"column":30}},"loc":{"start":{"line":188,"column":30},"end":{"line":199,"column":null}},"line":188},"12":{"name":"sendDailySummaryFormatted","decl":{"start":{"line":215,"column":8},"end":{"line":215,"column":34}},"loc":{"start":{"line":223,"column":5},"end":{"line":263,"column":null}},"line":223},"13":{"name":"(anonymous_13)","decl":{"start":{"line":252,"column":25},"end":{"line":252,"column":34}},"loc":{"start":{"line":252,"column":43},"end":{"line":258,"column":5}},"line":252},"14":{"name":"(anonymous_14)","decl":{"start":{"line":254,"column":17},"end":{"line":254,"column":26}},"loc":{"start":{"line":254,"column":35},"end":{"line":257,"column":7}},"line":254}},"branchMap":{"0":{"loc":{"start":{"line":12,"column":50},"end":{"line":12,"column":86}},"type":"default-arg","locations":[{"start":{"line":12,"column":70},"end":{"line":12,"column":86}}],"line":12},"1":{"loc":{"start":{"line":13,"column":2},"end":{"line":15,"column":null}},"type":"if","locations":[{"start":{"line":13,"column":2},"end":{"line":15,"column":null}},{"start":{},"end":{}}],"line":13},"2":{"loc":{"start":{"line":23,"column":4},"end":{"line":32,"column":null}},"type":"if","locations":[{"start":{"line":23,"column":4},"end":{"line":32,"column":null}},{"start":{},"end":{}}],"line":23},"3":{"loc":{"start":{"line":24,"column":6},"end":{"line":27,"column":null}},"type":"if","locations":[{"start":{"line":24,"column":6},"end":{"line":27,"column":null}},{"start":{},"end":{}}],"line":24},"4":{"loc":{"start":{"line":34,"column":4},"end":{"line":39,"column":null}},"type":"if","locations":[{"start":{"line":34,"column":4},"end":{"line":39,"column":null}},{"start":{"line":37,"column":11},"end":{"line":39,"column":null}}],"line":34},"5":{"loc":{"start":{"line":38,"column":21},"end":{"line":38,"column":null}},"type":"cond-expr","locations":[{"start":{"line":38,"column":36},"end":{"line":38,"column":65}},{"start":{"line":38,"column":65},"end":{"line":38,"column":null}}],"line":38},"6":{"loc":{"start":{"line":42,"column":2},"end":{"line":44,"column":null}},"type":"if","locations":[{"start":{"line":42,"column":2},"end":{"line":44,"column":null}},{"start":{},"end":{}}],"line":42},"7":{"loc":{"start":{"line":51,"column":15},"end":{"line":51,"column":null}},"type":"cond-expr","locations":[{"start":{"line":51,"column":40},"end":{"line":51,"column":49}},{"start":{"line":51,"column":49},"end":{"line":51,"column":null}}],"line":51},"8":{"loc":{"start":{"line":53,"column":70},"end":{"line":53,"column":null}},"type":"binary-expr","locations":[{"start":{"line":53,"column":70},"end":{"line":53,"column":83}},{"start":{"line":53,"column":83},"end":{"line":53,"column":null}}],"line":53},"9":{"loc":{"start":{"line":61,"column":6},"end":{"line":64,"column":null}},"type":"if","locations":[{"start":{"line":61,"column":6},"end":{"line":64,"column":null}},{"start":{},"end":{}}],"line":61},"10":{"loc":{"start":{"line":61,"column":10},"end":{"line":61,"column":65}},"type":"binary-expr","locations":[{"start":{"line":61,"column":10},"end":{"line":61,"column":48}},{"start":{"line":61,"column":48},"end":{"line":61,"column":65}}],"line":61},"11":{"loc":{"start":{"line":62,"column":20},"end":{"line":62,"column":null}},"type":"binary-expr","locations":[{"start":{"line":62,"column":20},"end":{"line":62,"column":64}},{"start":{"line":62,"column":64},"end":{"line":62,"column":null}}],"line":62},"12":{"loc":{"start":{"line":63,"column":8},"end":{"line":63,"column":null}},"type":"if","locations":[{"start":{"line":63,"column":8},"end":{"line":63,"column":null}},{"start":{},"end":{}}],"line":63},"13":{"loc":{"start":{"line":68,"column":4},"end":{"line":70,"column":null}},"type":"if","locations":[{"start":{"line":68,"column":4},"end":{"line":70,"column":null}},{"start":{},"end":{}}],"line":68},"14":{"loc":{"start":{"line":68,"column":8},"end":{"line":68,"column":55}},"type":"binary-expr","locations":[{"start":{"line":68,"column":8},"end":{"line":68,"column":42}},{"start":{"line":68,"column":42},"end":{"line":68,"column":55}}],"line":68},"15":{"loc":{"start":{"line":69,"column":13},"end":{"line":69,"column":null}},"type":"binary-expr","locations":[{"start":{"line":69,"column":13},"end":{"line":69,"column":53}},{"start":{"line":69,"column":53},"end":{"line":69,"column":null}}],"line":69},"16":{"loc":{"start":{"line":80,"column":4},"end":{"line":83,"column":null}},"type":"if","locations":[{"start":{"line":80,"column":4},"end":{"line":83,"column":null}},{"start":{},"end":{}}],"line":80},"17":{"loc":{"start":{"line":86,"column":4},"end":{"line":96,"column":null}},"type":"if","locations":[{"start":{"line":86,"column":4},"end":{"line":96,"column":null}},{"start":{},"end":{}}],"line":86},"18":{"loc":{"start":{"line":86,"column":8},"end":{"line":86,"column":58}},"type":"binary-expr","locations":[{"start":{"line":86,"column":8},"end":{"line":86,"column":27}},{"start":{"line":86,"column":27},"end":{"line":86,"column":58}}],"line":86},"19":{"loc":{"start":{"line":117,"column":6},"end":{"line":119,"column":null}},"type":"if","locations":[{"start":{"line":117,"column":6},"end":{"line":119,"column":null}},{"start":{},"end":{}}],"line":117},"20":{"loc":{"start":{"line":131,"column":4},"end":{"line":134,"column":null}},"type":"if","locations":[{"start":{"line":131,"column":4},"end":{"line":134,"column":null}},{"start":{},"end":{}}],"line":131},"21":{"loc":{"start":{"line":131,"column":8},"end":{"line":131,"column":36}},"type":"binary-expr","locations":[{"start":{"line":131,"column":8},"end":{"line":131,"column":17}},{"start":{"line":131,"column":17},"end":{"line":131,"column":36}}],"line":131},"22":{"loc":{"start":{"line":149,"column":4},"end":{"line":155,"column":null}},"type":"if","locations":[{"start":{"line":149,"column":4},"end":{"line":155,"column":null}},{"start":{},"end":{}}],"line":149},"23":{"loc":{"start":{"line":157,"column":4},"end":{"line":163,"column":null}},"type":"if","locations":[{"start":{"line":157,"column":4},"end":{"line":163,"column":null}},{"start":{},"end":{}}],"line":157},"24":{"loc":{"start":{"line":224,"column":17},"end":{"line":224,"column":null}},"type":"binary-expr","locations":[{"start":{"line":224,"column":17},"end":{"line":224,"column":32}},{"start":{"line":224,"column":32},"end":{"line":224,"column":null}}],"line":224},"25":{"loc":{"start":{"line":229,"column":6},"end":{"line":229,"column":null}},"type":"cond-expr","locations":[{"start":{"line":229,"column":30},"end":{"line":229,"column":94}},{"start":{"line":229,"column":94},"end":{"line":229,"column":null}}],"line":229},"26":{"loc":{"start":{"line":243,"column":4},"end":{"line":247,"column":null}},"type":"if","locations":[{"start":{"line":243,"column":4},"end":{"line":247,"column":null}},{"start":{},"end":{}}],"line":243},"27":{"loc":{"start":{"line":255,"column":28},"end":{"line":255,"column":null}},"type":"cond-expr","locations":[{"start":{"line":255,"column":55},"end":{"line":255,"column":64}},{"start":{"line":255,"column":64},"end":{"line":255,"column":null}}],"line":255},"28":{"loc":{"start":{"line":255,"column":64},"end":{"line":255,"column":null}},"type":"cond-expr","locations":[{"start":{"line":255,"column":91},"end":{"line":255,"column":100}},{"start":{"line":255,"column":100},"end":{"line":255,"column":null}}],"line":255}},"s":{"0":3,"1":2,"2":1,"3":1,"4":1,"5":1,"6":1,"7":4,"8":0,"9":0,"10":0,"11":0,"12":0,"13":0,"14":0,"15":4,"16":1,"17":1,"18":3,"19":1,"20":1,"21":1,"22":3,"23":1,"24":1,"25":1,"26":7,"27":7,"28":7,"29":7,"30":6,"31":1,"32":1,"33":0,"34":7,"35":7,"36":1,"37":1,"38":6,"39":0,"40":0,"41":0,"42":0,"43":6,"44":6,"45":6,"46":6,"47":6,"48":1,"49":1,"50":1,"51":2,"52":1,"53":1,"54":1,"55":1,"56":1,"57":2,"58":1,"59":2,"60":1,"61":1,"62":1,"63":1,"64":1,"65":1,"66":1,"67":1,"68":1,"69":1,"70":1,"71":1,"72":1,"73":0,"74":0,"75":0,"76":3,"77":3,"78":3,"79":2,"80":2,"81":2,"82":2,"83":2,"84":1,"85":1,"86":1,"87":1,"88":1,"89":1,"90":2,"91":2,"92":3,"93":3,"94":1,"95":1},"f":{"0":2,"1":1,"2":7,"3":7,"4":6,"5":2,"6":2,"7":2,"8":1,"9":1,"10":0,"11":3,"12":2,"13":2,"14":3},"b":{"0":[2],"1":[1,1],"2":[0,4],"3":[0,0],"4":[1,3],"5":[2,1],"6":[1,0],"7":[1,0],"8":[1,0],"9":[7,0],"10":[7,7],"11":[7,1],"12":[6,1],"13":[1,0],"14":[1,1],"15":[1,1],"16":[1,6],"17":[0,6],"18":[6,5],"19":[1,5],"20":[1,1],"21":[2,2],"22":[1,0],"23":[1,0],"24":[2,0],"25":[2,0],"26":[1,1],"27":[1,2],"28":[1,1]},"meta":{"lastBranch":29,"lastFunction":15,"lastStatement":96,"seen":{"s:5:21:5:Infinity":0,"f:12:16:12:36":0,"b:12:70:12:86":0,"b:13:2:15:Infinity:undefined:undefined:undefined:undefined":1,"s:13:2:15:Infinity":1,"s:14:4:14:Infinity":2,"s:17:16:17:Infinity":3,"s:18:27:18:Infinity":4,"s:19:21:19:Infinity":5,"s:21:2:40:Infinity":6,"b:23:4:32:Infinity:undefined:undefined:undefined:undefined":2,"s:23:4:32:Infinity":7,"b:24:6:27:Infinity:undefined:undefined:undefined:undefined":3,"s:24:6:27:Infinity":8,"s:25:8:25:Infinity":9,"s:26:8:26:Infinity":10,"s:28:6:30:Infinity":11,"s:28:19:28:22":12,"s:29:8:29:Infinity":13,"s:31:6:31:Infinity":14,"b:34:4:39:Infinity:37:11:39:Infinity":4,"s:34:4:39:Infinity":15,"s:35:6:35:Infinity":16,"s:36:6:36:Infinity":17,"s:38:6:38:Infinity":18,"b:38:36:38:65:38:65:38:Infinity":5,"b:42:2:44:Infinity:undefined:undefined:undefined:undefined":6,"s:42:2:44:Infinity":19,"s:43:4:43:Infinity":20,"s:46:2:46:Infinity":21,"s:49:30:264:Infinity":22,"f:50:8:50:26":1,"s:51:15:51:Infinity":23,"b:51:40:51:49:51:49:51:Infinity":7,"s:52:18:55:Infinity":24,"b:53:70:53:83:53:83:53:Infinity":8,"s:56:4:56:Infinity":25,"f:59:2:59:38":2,"s:60:4:67:Infinity":26,"b:61:6:64:Infinity:undefined:undefined:undefined:undefined":9,"s:61:6:64:Infinity":27,"b:61:10:61:48:61:48:61:65":10,"s:62:20:62:Infinity":28,"b:62:20:62:64:62:64:62:Infinity":11,"b:63:8:63:Infinity:undefined:undefined:undefined:undefined":12,"s:63:8:63:Infinity":29,"s:63:17:63:Infinity":30,"b:68:4:70:Infinity:undefined:undefined:undefined:undefined":13,"s:68:4:70:Infinity":31,"b:68:8:68:42:68:42:68:55":14,"s:69:6:69:Infinity":32,"b:69:13:69:53:69:53:69:Infinity":15,"s:71:4:71:Infinity":33,"f:78:8:78:20":3,"s:79:23:79:Infinity":34,"b:80:4:83:Infinity:undefined:undefined:undefined:undefined":16,"s:80:4:83:Infinity":35,"s:81:6:81:Infinity":36,"s:82:6:82:Infinity":37,"b:86:4:96:Infinity:undefined:undefined:undefined:undefined":17,"s:86:4:96:Infinity":38,"b:86:8:86:27:86:27:86:58":18,"s:87:21:87:Infinity":39,"s:88:6:94:Infinity":40,"s:89:8:93:Infinity":41,"s:95:6:95:Infinity":42,"s:98:47:102:Infinity":43,"s:104:4:104:Infinity":44,"f:107:8:107:19":4,"s:108:4:123:Infinity":45,"s:109:23:115:Infinity":46,"b:117:6:119:Infinity:undefined:undefined:undefined:undefined":19,"s:117:6:119:Infinity":47,"s:118:8:118:Infinity":48,"s:121:6:121:Infinity":49,"s:122:6:122:Infinity":50,"f:130:8:130:31":5,"b:131:4:134:Infinity:undefined:undefined:undefined:undefined":20,"s:131:4:134:Infinity":51,"b:131:8:131:17:131:17:131:36":21,"s:132:6:132:Infinity":52,"s:133:6:133:Infinity":53,"s:136:16:136:Infinity":54,"s:137:20:137:Infinity":55,"s:139:21:139:Infinity":56,"f:139:26:139:34":6,"s:139:40:139:64":57,"s:140:21:140:Infinity":58,"f:140:26:140:34":7,"s:140:40:140:64":59,"s:142:28:147:Infinity":60,"b:149:4:155:Infinity:undefined:undefined:undefined:undefined":22,"s:149:4:155:Infinity":61,"s:150:6:150:Infinity":62,"s:151:6:153:Infinity":63,"f:151:15:151:24":8,"s:152:8:152:Infinity":64,"s:154:6:154:Infinity":65,"b:157:4:163:Infinity:undefined:undefined:undefined:undefined":23,"s:157:4:163:Infinity":66,"s:158:6:158:Infinity":67,"s:159:6:161:Infinity":68,"f:159:15:159:24":9,"s:160:8:160:Infinity":69,"s:162:6:162:Infinity":70,"s:165:20:165:Infinity":71,"s:166:4:166:Infinity":72,"f:172:8:172:30":10,"s:173:22:173:Infinity":73,"s:175:20:180:Infinity":74,"s:182:4:182:Infinity":75,"f:188:8:188:30":11,"s:189:22:189:Infinity":76,"s:191:20:196:Infinity":77,"s:198:4:198:Infinity":78,"f:215:8:215:34":12,"s:224:17:224:Infinity":79,"b:224:17:224:32:224:32:224:Infinity":24,"s:225:27:225:Infinity":80,"s:229:6:229:Infinity":81,"b:229:30:229:94:229:94:229:Infinity":25,"s:231:34:241:Infinity":82,"b:243:4:247:Infinity:undefined:undefined:undefined:undefined":26,"s:243:4:247:Infinity":83,"s:244:6:244:Infinity":84,"s:245:6:245:Infinity":85,"s:246:6:246:Infinity":86,"s:249:4:249:Infinity":87,"s:251:35:251:Infinity":88,"s:252:4:258:Infinity":89,"f:252:25:252:34":13,"s:253:6:253:Infinity":90,"s:254:6:257:Infinity":91,"f:254:17:254:26":14,"s:255:28:255:Infinity":92,"b:255:55:255:64:255:64:255:Infinity":27,"b:255:91:255:100:255:100:255:Infinity":28,"s:256:8:256:Infinity":93,"s:260:21:260:Infinity":94,"s:262:4:262:Infinity":95},"fnNames":{}}}
,"/Users/most-too/Desktop/dual_todolist/dual-todo/src/services/firestoreService.ts": {"path":"/Users/most-too/Desktop/dual_todolist/dual-todo/src/services/firestoreService.ts","statementMap":{"0":{"start":{"line":18,"column":25},"end":{"line":18,"column":null}},"1":{"start":{"line":19,"column":29},"end":{"line":19,"column":null}},"2":{"start":{"line":30,"column":32},"end":{"line":206,"column":null}},"3":{"start":{"line":35,"column":4},"end":{"line":35,"column":null}},"4":{"start":{"line":36,"column":21},"end":{"line":36,"column":null}},"5":{"start":{"line":37,"column":22},"end":{"line":37,"column":null}},"6":{"start":{"line":38,"column":16},"end":{"line":38,"column":null}},"7":{"start":{"line":40,"column":4},"end":{"line":79,"column":null}},"8":{"start":{"line":41,"column":6},"end":{"line":41,"column":null}},"9":{"start":{"line":42,"column":23},"end":{"line":42,"column":null}},"10":{"start":{"line":43,"column":6},"end":{"line":43,"column":null}},"11":{"start":{"line":46,"column":21},"end":{"line":46,"column":null}},"12":{"start":{"line":47,"column":6},"end":{"line":50,"column":null}},"13":{"start":{"line":48,"column":30},"end":{"line":48,"column":null}},"14":{"start":{"line":49,"column":8},"end":{"line":49,"column":null}},"15":{"start":{"line":52,"column":45},"end":{"line":60,"column":null}},"16":{"start":{"line":62,"column":6},"end":{"line":62,"column":null}},"17":{"start":{"line":63,"column":6},"end":{"line":63,"column":null}},"18":{"start":{"line":64,"column":6},"end":{"line":64,"column":null}},"19":{"start":{"line":66,"column":6},"end":{"line":66,"column":null}},"20":{"start":{"line":68,"column":6},"end":{"line":68,"column":null}},"21":{"start":{"line":69,"column":6},"end":{"line":77,"column":null}},"22":{"start":{"line":70,"column":20},"end":{"line":70,"column":null}},"23":{"start":{"line":71,"column":8},"end":{"line":76,"column":null}},"24":{"start":{"line":78,"column":6},"end":{"line":78,"column":null}},"25":{"start":{"line":86,"column":19},"end":{"line":86,"column":null}},"26":{"start":{"line":87,"column":28},"end":{"line":87,"column":null}},"27":{"start":{"line":88,"column":4},"end":{"line":90,"column":null}},"28":{"start":{"line":89,"column":6},"end":{"line":89,"column":null}},"29":{"start":{"line":91,"column":23},"end":{"line":94,"column":null}},"30":{"start":{"line":93,"column":31},"end":{"line":93,"column":50}},"31":{"start":{"line":96,"column":4},"end":{"line":102,"column":null}},"32":{"start":{"line":97,"column":6},"end":{"line":97,"column":null}},"33":{"start":{"line":98,"column":6},"end":{"line":98,"column":null}},"34":{"start":{"line":100,"column":6},"end":{"line":100,"column":null}},"35":{"start":{"line":101,"column":6},"end":{"line":101,"column":null}},"36":{"start":{"line":109,"column":4},"end":{"line":109,"column":null}},"37":{"start":{"line":110,"column":18},"end":{"line":110,"column":null}},"38":{"start":{"line":111,"column":4},"end":{"line":114,"column":null}},"39":{"start":{"line":112,"column":21},"end":{"line":112,"column":null}},"40":{"start":{"line":113,"column":6},"end":{"line":113,"column":null}},"41":{"start":{"line":115,"column":4},"end":{"line":121,"column":null}},"42":{"start":{"line":116,"column":6},"end":{"line":116,"column":null}},"43":{"start":{"line":117,"column":6},"end":{"line":117,"column":null}},"44":{"start":{"line":119,"column":6},"end":{"line":119,"column":null}},"45":{"start":{"line":120,"column":6},"end":{"line":120,"column":null}},"46":{"start":{"line":128,"column":4},"end":{"line":128,"column":null}},"47":{"start":{"line":129,"column":19},"end":{"line":129,"column":null}},"48":{"start":{"line":130,"column":4},"end":{"line":136,"column":null}},"49":{"start":{"line":131,"column":6},"end":{"line":131,"column":null}},"50":{"start":{"line":132,"column":6},"end":{"line":132,"column":null}},"51":{"start":{"line":134,"column":6},"end":{"line":134,"column":null}},"52":{"start":{"line":135,"column":6},"end":{"line":135,"column":null}},"53":{"start":{"line":146,"column":4},"end":{"line":146,"column":null}},"54":{"start":{"line":147,"column":21},"end":{"line":147,"column":null}},"55":{"start":{"line":148,"column":14},"end":{"line":148,"column":null}},"56":{"start":{"line":150,"column":4},"end":{"line":167,"column":null}},"57":{"start":{"line":153,"column":8},"end":{"line":153,"column":null}},"58":{"start":{"line":154,"column":34},"end":{"line":154,"column":null}},"59":{"start":{"line":155,"column":8},"end":{"line":160,"column":null}},"60":{"start":{"line":156,"column":10},"end":{"line":159,"column":null}},"61":{"start":{"line":161,"column":8},"end":{"line":161,"column":null}},"62":{"start":{"line":164,"column":8},"end":{"line":164,"column":null}},"63":{"start":{"line":165,"column":8},"end":{"line":165,"column":null}},"64":{"start":{"line":165,"column":21},"end":{"line":165,"column":null}},"65":{"start":{"line":174,"column":19},"end":{"line":174,"column":null}},"66":{"start":{"line":175,"column":4},"end":{"line":175,"column":null}},"67":{"start":{"line":182,"column":19},"end":{"line":182,"column":null}},"68":{"start":{"line":183,"column":17},"end":{"line":183,"column":null}},"69":{"start":{"line":184,"column":4},"end":{"line":184,"column":null}},"70":{"start":{"line":184,"column":24},"end":{"line":184,"column":null}},"71":{"start":{"line":185,"column":4},"end":{"line":185,"column":null}},"72":{"start":{"line":194,"column":21},"end":{"line":194,"column":null}},"73":{"start":{"line":195,"column":14},"end":{"line":195,"column":null}},"74":{"start":{"line":196,"column":17},"end":{"line":196,"column":null}},"75":{"start":{"line":197,"column":30},"end":{"line":197,"column":null}},"76":{"start":{"line":198,"column":4},"end":{"line":203,"column":null}},"77":{"start":{"line":199,"column":6},"end":{"line":202,"column":null}},"78":{"start":{"line":204,"column":4},"end":{"line":204,"column":null}}},"fnMap":{"0":{"name":"createCard","decl":{"start":{"line":34,"column":8},"end":{"line":34,"column":19}},"loc":{"start":{"line":34,"column":60},"end":{"line":80,"column":null}},"line":34},"1":{"name":"updateCard","decl":{"start":{"line":85,"column":8},"end":{"line":85,"column":19}},"loc":{"start":{"line":85,"column":70},"end":{"line":103,"column":null}},"line":85},"2":{"name":"(anonymous_2)","decl":{"start":{"line":93,"column":9},"end":{"line":93,"column":17}},"loc":{"start":{"line":93,"column":31},"end":{"line":93,"column":50}},"line":93},"3":{"name":"reorderCards","decl":{"start":{"line":108,"column":8},"end":{"line":108,"column":21}},"loc":{"start":{"line":108,"column":58},"end":{"line":122,"column":null}},"line":108},"4":{"name":"(anonymous_4)","decl":{"start":{"line":111,"column":15},"end":{"line":111,"column":24}},"loc":{"start":{"line":111,"column":38},"end":{"line":114,"column":5}},"line":111},"5":{"name":"deleteCard","decl":{"start":{"line":127,"column":8},"end":{"line":127,"column":19}},"loc":{"start":{"line":127,"column":46},"end":{"line":137,"column":null}},"line":127},"6":{"name":"subscribeCards","decl":{"start":{"line":142,"column":2},"end":{"line":142,"column":null}},"loc":{"start":{"line":145,"column":16},"end":{"line":168,"column":null}},"line":145},"7":{"name":"(anonymous_7)","decl":{"start":{"line":151,"column":6},"end":{"line":151,"column":null}},"loc":{"start":{"line":152,"column":20},"end":{"line":162,"column":null}},"line":152},"8":{"name":"(anonymous_8)","decl":{"start":{"line":155,"column":17},"end":{"line":155,"column":26}},"loc":{"start":{"line":155,"column":42},"end":{"line":160,"column":9}},"line":155},"9":{"name":"(anonymous_9)","decl":{"start":{"line":162,"column":6},"end":{"line":162,"column":null}},"loc":{"start":{"line":163,"column":17},"end":{"line":166,"column":null}},"line":163},"10":{"name":"saveDailySummary","decl":{"start":{"line":173,"column":8},"end":{"line":173,"column":25}},"loc":{"start":{"line":173,"column":63},"end":{"line":176,"column":null}},"line":173},"11":{"name":"getDailySummary","decl":{"start":{"line":181,"column":8},"end":{"line":181,"column":24}},"loc":{"start":{"line":181,"column":68},"end":{"line":186,"column":null}},"line":181},"12":{"name":"getAllCards","decl":{"start":{"line":193,"column":8},"end":{"line":193,"column":43}},"loc":{"start":{"line":193,"column":43},"end":{"line":205,"column":null}},"line":193},"13":{"name":"(anonymous_13)","decl":{"start":{"line":198,"column":9},"end":{"line":198,"column":18}},"loc":{"start":{"line":198,"column":24},"end":{"line":203,"column":5}},"line":198}},"branchMap":{"0":{"loc":{"start":{"line":47,"column":6},"end":{"line":50,"column":null}},"type":"if","locations":[{"start":{"line":47,"column":6},"end":{"line":50,"column":null}},{"start":{},"end":{}}],"line":47},"1":{"loc":{"start":{"line":49,"column":19},"end":{"line":49,"column":null}},"type":"cond-expr","locations":[{"start":{"line":49,"column":55},"end":{"line":49,"column":75}},{"start":{"line":49,"column":75},"end":{"line":49,"column":null}}],"line":49},"2":{"loc":{"start":{"line":53,"column":8},"end":{"line":53,"column":null}},"type":"binary-expr","locations":[{"start":{"line":53,"column":8},"end":{"line":53,"column":45}},{"start":{"line":53,"column":45},"end":{"line":53,"column":null}}],"line":53},"3":{"loc":{"start":{"line":53,"column":16},"end":{"line":53,"column":33}},"type":"binary-expr","locations":[{"start":{"line":53,"column":16},"end":{"line":53,"column":31}},{"start":{"line":53,"column":31},"end":{"line":53,"column":33}}],"line":53},"4":{"loc":{"start":{"line":54,"column":18},"end":{"line":54,"column":null}},"type":"binary-expr","locations":[{"start":{"line":54,"column":18},"end":{"line":54,"column":36}},{"start":{"line":54,"column":36},"end":{"line":54,"column":null}}],"line":54},"5":{"loc":{"start":{"line":57,"column":15},"end":{"line":57,"column":null}},"type":"binary-expr","locations":[{"start":{"line":57,"column":15},"end":{"line":57,"column":30}},{"start":{"line":57,"column":30},"end":{"line":57,"column":null}}],"line":57},"6":{"loc":{"start":{"line":69,"column":6},"end":{"line":77,"column":null}},"type":"if","locations":[{"start":{"line":69,"column":6},"end":{"line":77,"column":null}},{"start":{},"end":{}}],"line":69},"7":{"loc":{"start":{"line":69,"column":10},"end":{"line":69,"column":46}},"type":"binary-expr","locations":[{"start":{"line":69,"column":10},"end":{"line":69,"column":19}},{"start":{"line":69,"column":19},"end":{"line":69,"column":46}}],"line":69},"8":{"loc":{"start":{"line":88,"column":4},"end":{"line":90,"column":null}},"type":"if","locations":[{"start":{"line":88,"column":4},"end":{"line":90,"column":null}},{"start":{},"end":{}}],"line":88},"9":{"loc":{"start":{"line":89,"column":30},"end":{"line":89,"column":null}},"type":"binary-expr","locations":[{"start":{"line":89,"column":30},"end":{"line":89,"column":62}},{"start":{"line":89,"column":62},"end":{"line":89,"column":null}}],"line":89},"10":{"loc":{"start":{"line":165,"column":8},"end":{"line":165,"column":null}},"type":"if","locations":[{"start":{"line":165,"column":8},"end":{"line":165,"column":null}},{"start":{},"end":{}}],"line":165},"11":{"loc":{"start":{"line":184,"column":4},"end":{"line":184,"column":null}},"type":"if","locations":[{"start":{"line":184,"column":4},"end":{"line":184,"column":null}},{"start":{},"end":{}}],"line":184}},"s":{"0":1,"1":1,"2":1,"3":0,"4":0,"5":0,"6":0,"7":0,"8":0,"9":0,"10":0,"11":0,"12":0,"13":0,"14":0,"15":0,"16":0,"17":0,"18":0,"19":0,"20":0,"21":0,"22":0,"23":0,"24":0,"25":0,"26":0,"27":0,"28":0,"29":0,"30":0,"31":0,"32":0,"33":0,"34":0,"35":0,"36":0,"37":0,"38":0,"39":0,"40":0,"41":0,"42":0,"43":0,"44":0,"45":0,"46":0,"47":0,"48":0,"49":0,"50":0,"51":0,"52":0,"53":0,"54":0,"55":0,"56":0,"57":0,"58":0,"59":0,"60":0,"61":0,"62":0,"63":0,"64":0,"65":0,"66":0,"67":0,"68":0,"69":0,"70":0,"71":0,"72":0,"73":0,"74":0,"75":0,"76":0,"77":0,"78":0},"f":{"0":0,"1":0,"2":0,"3":0,"4":0,"5":0,"6":0,"7":0,"8":0,"9":0,"10":0,"11":0,"12":0,"13":0},"b":{"0":[0,0],"1":[0,0],"2":[0,0],"3":[0,0],"4":[0,0],"5":[0,0],"6":[0,0],"7":[0,0],"8":[0,0],"9":[0,0],"10":[0,0],"11":[0,0]},"meta":{"lastBranch":12,"lastFunction":14,"lastStatement":79,"seen":{"s:18:25:18:Infinity":0,"s:19:29:19:Infinity":1,"s:30:32:206:Infinity":2,"f:34:8:34:19":0,"s:35:4:35:Infinity":3,"s:36:21:36:Infinity":4,"s:37:22:37:Infinity":5,"s:38:16:38:Infinity":6,"s:40:4:79:Infinity":7,"s:41:6:41:Infinity":8,"s:42:23:42:Infinity":9,"s:43:6:43:Infinity":10,"s:46:21:46:Infinity":11,"b:47:6:50:Infinity:undefined:undefined:undefined:undefined":0,"s:47:6:50:Infinity":12,"s:48:30:48:Infinity":13,"s:49:8:49:Infinity":14,"b:49:55:49:75:49:75:49:Infinity":1,"s:52:45:60:Infinity":15,"b:53:8:53:45:53:45:53:Infinity":2,"b:53:16:53:31:53:31:53:33":3,"b:54:18:54:36:54:36:54:Infinity":4,"b:57:15:57:30:57:30:57:Infinity":5,"s:62:6:62:Infinity":16,"s:63:6:63:Infinity":17,"s:64:6:64:Infinity":18,"s:66:6:66:Infinity":19,"s:68:6:68:Infinity":20,"b:69:6:77:Infinity:undefined:undefined:undefined:undefined":6,"s:69:6:77:Infinity":21,"b:69:10:69:19:69:19:69:46":7,"s:70:20:70:Infinity":22,"s:71:8:76:Infinity":23,"s:78:6:78:Infinity":24,"f:85:8:85:19":1,"s:86:19:86:Infinity":25,"s:87:28:87:Infinity":26,"b:88:4:90:Infinity:undefined:undefined:undefined:undefined":8,"s:88:4:90:Infinity":27,"s:89:6:89:Infinity":28,"b:89:30:89:62:89:62:89:Infinity":9,"s:91:23:94:Infinity":29,"f:93:9:93:17":2,"s:93:31:93:50":30,"s:96:4:102:Infinity":31,"s:97:6:97:Infinity":32,"s:98:6:98:Infinity":33,"s:100:6:100:Infinity":34,"s:101:6:101:Infinity":35,"f:108:8:108:21":3,"s:109:4:109:Infinity":36,"s:110:18:110:Infinity":37,"s:111:4:114:Infinity":38,"f:111:15:111:24":4,"s:112:21:112:Infinity":39,"s:113:6:113:Infinity":40,"s:115:4:121:Infinity":41,"s:116:6:116:Infinity":42,"s:117:6:117:Infinity":43,"s:119:6:119:Infinity":44,"s:120:6:120:Infinity":45,"f:127:8:127:19":5,"s:128:4:128:Infinity":46,"s:129:19:129:Infinity":47,"s:130:4:136:Infinity":48,"s:131:6:131:Infinity":49,"s:132:6:132:Infinity":50,"s:134:6:134:Infinity":51,"s:135:6:135:Infinity":52,"f:142:2:142:Infinity":6,"s:146:4:146:Infinity":53,"s:147:21:147:Infinity":54,"s:148:14:148:Infinity":55,"s:150:4:167:Infinity":56,"f:151:6:151:Infinity":7,"s:153:8:153:Infinity":57,"s:154:34:154:Infinity":58,"s:155:8:160:Infinity":59,"f:155:17:155:26":8,"s:156:10:159:Infinity":60,"s:161:8:161:Infinity":61,"f:162:6:162:Infinity":9,"s:164:8:164:Infinity":62,"b:165:8:165:Infinity:undefined:undefined:undefined:undefined":10,"s:165:8:165:Infinity":63,"s:165:21:165:Infinity":64,"f:173:8:173:25":10,"s:174:19:174:Infinity":65,"s:175:4:175:Infinity":66,"f:181:8:181:24":11,"s:182:19:182:Infinity":67,"s:183:17:183:Infinity":68,"b:184:4:184:Infinity:undefined:undefined:undefined:undefined":11,"s:184:4:184:Infinity":69,"s:184:24:184:Infinity":70,"s:185:4:185:Infinity":71,"f:193:8:193:43":12,"s:194:21:194:Infinity":72,"s:195:14:195:Infinity":73,"s:196:17:196:Infinity":74,"s:197:30:197:Infinity":75,"s:198:4:203:Infinity":76,"f:198:9:198:18":13,"s:199:6:202:Infinity":77,"s:204:4:204:Infinity":78},"fnNames":{}}}
,"/Users/most-too/Desktop/dual_todolist/dual-todo/src/store/authStore.ts": {"path":"/Users/most-too/Desktop/dual_todolist/dual-todo/src/store/authStore.ts","statementMap":{"0":{"start":{"line":15,"column":28},"end":{"line":63,"column":null}},"1":{"start":{"line":17,"column":14},"end":{"line":57,"column":null}},"2":{"start":{"line":23,"column":25},"end":{"line":23,"column":null}},"3":{"start":{"line":24,"column":25},"end":{"line":24,"column":37}},"4":{"start":{"line":25,"column":21},"end":{"line":25,"column":null}},"5":{"start":{"line":27,"column":8},"end":{"line":34,"column":null}},"6":{"start":{"line":28,"column":10},"end":{"line":32,"column":null}},"7":{"start":{"line":33,"column":10},"end":{"line":33,"column":null}},"8":{"start":{"line":36,"column":8},"end":{"line":39,"column":null}},"9":{"start":{"line":43,"column":8},"end":{"line":47,"column":null}},"10":{"start":{"line":51,"column":8},"end":{"line":55,"column":null}},"11":{"start":{"line":60,"column":39},"end":{"line":60,"column":51}}},"fnMap":{"0":{"name":"(anonymous_0)","decl":{"start":{"line":16,"column":2},"end":{"line":16,"column":null}},"loc":{"start":{"line":17,"column":14},"end":{"line":57,"column":null}},"line":17},"1":{"name":"(anonymous_1)","decl":{"start":{"line":22,"column":6},"end":{"line":22,"column":21}},"loc":{"start":{"line":22,"column":37},"end":{"line":40,"column":null}},"line":22},"2":{"name":"(anonymous_2)","decl":{"start":{"line":42,"column":6},"end":{"line":42,"column":20}},"loc":{"start":{"line":42,"column":20},"end":{"line":48,"column":null}},"line":42},"3":{"name":"(anonymous_3)","decl":{"start":{"line":50,"column":6},"end":{"line":50,"column":19}},"loc":{"start":{"line":50,"column":44},"end":{"line":56,"column":null}},"line":50},"4":{"name":"(anonymous_4)","decl":{"start":{"line":60,"column":15},"end":{"line":60,"column":39}},"loc":{"start":{"line":60,"column":39},"end":{"line":60,"column":51}},"line":60}},"branchMap":{"0":{"loc":{"start":{"line":27,"column":8},"end":{"line":34,"column":null}},"type":"if","locations":[{"start":{"line":27,"column":8},"end":{"line":34,"column":null}},{"start":{},"end":{}}],"line":27}},"s":{"0":4,"1":4,"2":7,"3":7,"4":7,"5":7,"6":4,"7":4,"8":3,"9":1,"10":0,"11":4},"f":{"0":4,"1":7,"2":1,"3":0,"4":4},"b":{"0":[4,3]},"meta":{"lastBranch":1,"lastFunction":5,"lastStatement":12,"seen":{"s:15:28:63:Infinity":0,"f:16:2:16:Infinity":0,"s:17:14:57:Infinity":1,"f:22:6:22:21":1,"s:23:25:23:Infinity":2,"s:24:25:24:37":3,"s:25:21:25:Infinity":4,"b:27:8:34:Infinity:undefined:undefined:undefined:undefined":0,"s:27:8:34:Infinity":5,"s:28:10:32:Infinity":6,"s:33:10:33:Infinity":7,"s:36:8:39:Infinity":8,"f:42:6:42:20":2,"s:43:8:47:Infinity":9,"f:50:6:50:19":3,"s:51:8:55:Infinity":10,"f:60:15:60:39":4,"s:60:39:60:51":11},"fnNames":{}}}
[...]
end":{"line":208,"column":null}},"108":{"start":{"line":209,"column":10},"end":{"line":209,"column":null}},"109":{"start":{"line":210,"column":10},"end":{"line":210,"column":null}},"110":{"start":{"line":214,"column":6},"end":{"line":214,"column":null}},"111":{"start":{"line":215,"column":11},"end":{"line":220,"column":null}},"112":{"start":{"line":216,"column":6},"end":{"line":219,"column":null}},"113":{"start":{"line":217,"column":8},"end":{"line":217,"column":null}},"114":{"start":{"line":218,"column":8},"end":{"line":218,"column":null}},"115":{"start":{"line":222,"column":4},"end":{"line":230,"column":null}},"116":{"start":{"line":223,"column":6},"end":{"line":223,"column":null}},"117":{"start":{"line":224,"column":6},"end":{"line":224,"column":null}},"118":{"start":{"line":226,"column":22},"end":{"line":226,"column":null}},"119":{"start":{"line":227,"column":6},"end":{"line":227,"column":null}},"120":{"start":{"line":228,"column":6},"end":{"line":228,"column":null}},"121":{"start":{"line":229,"column":6},"end":{"line":229,"column":null}}},"fnMap":{"0":{"name":"(anonymous_0)","decl":{"start":{"line":31,"column":28},"end":{"line":31,"column":47}},"loc":{"start":{"line":31,"column":61},"end":{"line":232,"column":2}},"line":31},"1":{"name":"(anonymous_1)","decl":{"start":{"line":38,"column":2},"end":{"line":38,"column":17}},"loc":{"start":{"line":38,"column":42},"end":{"line":51,"column":null}},"line":38},"2":{"name":"(anonymous_2)","decl":{"start":{"line":45,"column":19},"end":{"line":45,"column":36}},"loc":{"start":{"line":45,"column":36},"end":{"line":49,"column":9}},"line":45},"3":{"name":"(anonymous_3)","decl":{"start":{"line":53,"column":2},"end":{"line":53,"column":20}},"loc":{"start":{"line":53,"column":20},"end":{"line":67,"column":null}},"line":53},"4":{"name":"(anonymous_4)","decl":{"start":{"line":56,"column":41},"end":{"line":56,"column":null}},"loc":{"start":{"line":57,"column":17},"end":{"line":60,"column":null}},"line":57},"5":{"name":"(anonymous_5)","decl":{"start":{"line":60,"column":6},"end":{"line":60,"column":null}},"loc":{"start":{"line":61,"column":17},"end":{"line":64,"column":null}},"line":61},"6":{"name":"(anonymous_6)","decl":{"start":{"line":69,"column":14},"end":{"line":69,"column":21}},"loc":{"start":{"line":69,"column":31},"end":{"line":84,"column":null}},"line":69},"7":{"name":"(anonymous_7)","decl":{"start":{"line":86,"column":14},"end":{"line":86,"column":21}},"loc":{"start":{"line":86,"column":35},"end":{"line":100,"column":null}},"line":86},"8":{"name":"(anonymous_8)","decl":{"start":{"line":102,"column":14},"end":{"line":102,"column":21}},"loc":{"start":{"line":102,"column":28},"end":{"line":116,"column":null}},"line":102},"9":{"name":"(anonymous_9)","decl":{"start":{"line":118,"column":16},"end":{"line":118,"column":23}},"loc":{"start":{"line":118,"column":38},"end":{"line":152,"column":null}},"line":118},"10":{"name":"(anonymous_10)","decl":{"start":{"line":122,"column":34},"end":{"line":122,"column":39}},"loc":{"start":{"line":122,"column":45},"end":{"line":122,"column":54}},"line":122},"11":{"name":"(anonymous_11)","decl":{"start":{"line":127,"column":15},"end":{"line":127,"column":24}},"loc":{"start":{"line":127,"column":38},"end":{"line":133,"column":5}},"line":127},"12":{"name":"(anonymous_12)","decl":{"start":{"line":136,"column":12},"end":{"line":136,"column":21}},"loc":{"start":{"line":136,"column":30},"end":{"line":138,"column":5}},"line":136},"13":{"name":"(anonymous_13)","decl":{"start":{"line":154,"column":23},"end":{"line":154,"column":30}},"loc":{"start":{"line":154,"column":57},"end":{"line":231,"column":null}},"line":154},"14":{"name":"(anonymous_14)","decl":{"start":{"line":157,"column":23},"end":{"line":157,"column":29}},"loc":{"start":{"line":157,"column":35},"end":{"line":157,"column":50}},"line":157},"15":{"name":"(anonymous_15)","decl":{"start":{"line":165,"column":33},"end":{"line":165,"column":43}},"loc":{"start":{"line":165,"column":48},"end":{"line":165,"column":63}},"line":165},"16":{"name":"(anonymous_16)","decl":{"start":{"line":190,"column":19},"end":{"line":190,"column":23}},"loc":{"start":{"line":190,"column":28},"end":{"line":190,"column":79}},"line":190},"17":{"name":"(anonymous_17)","decl":{"start":{"line":201,"column":31},"end":{"line":201,"column":43}},"loc":{"start":{"line":201,"column":43},"end":{"line":212,"column":9}},"line":201}},"branchMap":{"0":{"loc":{"start":{"line":39,"column":4},"end":{"line":42,"column":null}},"type":"if","locations":[{"start":{"line":39,"column":4},"end":{"line":42,"column":null}},{"start":{},"end":{}}],"line":39},"1":{"loc":{"start":{"line":44,"column":4},"end":{"line":50,"column":null}},"type":"if","locations":[{"start":{"line":44,"column":4},"end":{"line":50,"column":null}},{"start":{},"end":{}}],"line":44},"2":{"loc":{"start":{"line":46,"column":8},"end":{"line":48,"column":null}},"type":"if","locations":[{"start":{"line":46,"column":8},"end":{"line":48,"column":null}},{"start":{},"end":{}}],"line":46},"3":{"loc":{"start":{"line":78,"column":22},"end":{"line":78,"column":null}},"type":"cond-expr","locations":[{"start":{"line":78,"column":47},"end":{"line":78,"column":63}},{"start":{"line":78,"column":63},"end":{"line":78,"column":null}}],"line":78},"4":{"loc":{"start":{"line":94,"column":22},"end":{"line":94,"column":null}},"type":"cond-expr","locations":[{"start":{"line":94,"column":47},"end":{"line":94,"column":63}},{"start":{"line":94,"column":63},"end":{"line":94,"column":null}}],"line":94},"5":{"loc":{"start":{"line":110,"column":22},"end":{"line":110,"column":null}},"type":"cond-expr","locations":[{"start":{"line":110,"column":47},"end":{"line":110,"column":63}},{"start":{"line":110,"column":63},"end":{"line":110,"column":null}}],"line":110},"6":{"loc":{"start":{"line":129,"column":6},"end":{"line":132,"column":null}},"type":"if","locations":[{"start":{"line":129,"column":6},"end":{"line":132,"column":null}},{"start":{},"end":{}}],"line":129},"7":{"loc":{"start":{"line":147,"column":22},"end":{"line":147,"column":null}},"type":"cond-expr","locations":[{"start":{"line":147,"column":47},"end":{"line":147,"column":63}},{"start":{"line":147,"column":63},"end":{"line":147,"column":null}}],"line":147},"8":{"loc":{"start":{"line":160,"column":4},"end":{"line":163,"column":null}},"type":"if","locations":[{"start":{"line":160,"column":4},"end":{"line":163,"column":null}},{"start":{},"end":{}}],"line":160},"9":{"loc":{"start":{"line":160,"column":8},"end":{"line":160,"column":31}},"type":"binary-expr","locations":[{"start":{"line":160,"column":8},"end":{"line":160,"column":17}},{"start":{"line":160,"column":17},"end":{"line":160,"column":31}}],"line":160},"10":{"loc":{"start":{"line":166,"column":4},"end":{"line":169,"column":null}},"type":"if","locations":[{"start":{"line":166,"column":4},"end":{"line":169,"column":null}},{"start":{},"end":{}}],"line":166},"11":{"loc":{"start":{"line":177,"column":19},"end":{"line":177,"column":null}},"type":"cond-expr","locations":[{"start":{"line":177,"column":28},"end":{"line":177,"column":42}},{"start":{"line":177,"column":42},"end":{"line":177,"column":null}}],"line":177},"12":{"loc":{"start":{"line":178,"column":19},"end":{"line":178,"column":null}},"type":"cond-expr","locations":[{"start":{"line":178,"column":28},"end":{"line":178,"column":55}},{"start":{"line":178,"column":55},"end":{"line":178,"column":null}}],"line":178},"13":{"loc":{"start":{"line":183,"column":4},"end":{"line":187,"column":null}},"type":"if","locations":[{"start":{"line":183,"column":4},"end":{"line":187,"column":null}},{"start":{"line":185,"column":11},"end":{"line":187,"column":null}}],"line":183},"14":{"loc":{"start":{"line":183,"column":8},"end":{"line":183,"column":40}},"type":"binary-expr","locations":[{"start":{"line":183,"column":8},"end":{"line":183,"column":18}},{"start":{"line":183,"column":18},"end":{"line":183,"column":40}}],"line":183},"15":{"loc":{"start":{"line":190,"column":28},"end":{"line":190,"column":79}},"type":"cond-expr","locations":[{"start":{"line":190,"column":46},"end":{"line":190,"column":78}},{"start":{"line":190,"column":78},"end":{"line":190,"column":79}}],"line":190},"16":{"loc":{"start":{"line":196,"column":4},"end":{"line":220,"column":null}},"type":"if","locations":[{"start":{"line":196,"column":4},"end":{"line":220,"column":null}},{"start":{"line":215,"column":11},"end":{"line":220,"column":null}}],"line":196},"17":{"loc":{"start":{"line":196,"column":8},"end":{"line":196,"column":40}},"type":"binary-expr","locations":[{"start":{"line":196,"column":8},"end":{"line":196,"column":18}},{"start":{"line":196,"column":18},"end":{"line":196,"column":40}}],"line":196},"18":{"loc":{"start":{"line":197,"column":6},"end":{"line":199,"column":null}},"type":"if","locations":[{"start":{"line":197,"column":6},"end":{"line":199,"column":null}},{"start":{},"end":{}}],"line":197},"19":{"loc":{"start":{"line":215,"column":11},"end":{"line":220,"column":null}},"type":"if","locations":[{"start":{"line":215,"column":11},"end":{"line":220,"column":null}},{"start":{},"end":{}}],"line":215},"20":{"loc":{"start":{"line":215,"column":15},"end":{"line":215,"column":47}},"type":"binary-expr","locations":[{"start":{"line":215,"column":15},"end":{"line":215,"column":26}},{"start":{"line":215,"column":26},"end":{"line":215,"column":47}}],"line":215},"21":{"loc":{"start":{"line":216,"column":6},"end":{"line":219,"column":null}},"type":"if","locations":[{"start":{"line":216,"column":6},"end":{"line":219,"column":null}},{"start":{},"end":{}}],"line":216},"22":{"loc":{"start":{"line":226,"column":22},"end":{"line":226,"column":null}},"type":"cond-expr","locations":[{"start":{"line":226,"column":47},"end":{"line":226,"column":63}},{"start":{"line":226,"column":63},"end":{"line":226,"column":null}}],"line":226}},"s":{"0":2,"1":2,"2":2,"3":2,"4":10,"5":3,"6":3,"7":10,"8":10,"9":4,"10":0,"11":0,"12":1,"13":1,"14":1,"15":0,"16":0,"17":0,"18":0,"19":1,"20":2,"21":2,"22":2,"23":2,"24":1,"25":1,"26":1,"27":1,"28":1,"29":1,"30":1,"31":1,"32":0,"33":0,"34":0,"35":0,"36":0,"37":0,"38":0,"39":0,"40":0,"41":0,"42":0,"43":0,"44":0,"45":0,"46":0,"47":0,"48":0,"49":0,"50":0,"51":0,"52":0,"53":0,"54":1,"55":1,"56":1,"57":3,"58":1,"59":1,"60":1,"61":3,"62":3,"63":3,"64":3,"65":1,"66":0,"67":1,"68":1,"69":1,"70":1,"71":1,"72":0,"73":0,"74":0,"75":0,"76":2,"77":2,"78":2,"79":2,"80":2,"81":2,"82":0,"83":0,"84":2,"85":2,"86":2,"87":0,"88":0,"89":2,"90":2,"91":2,"92":2,"93":2,"94":1,"95":1,"96":2,"97":2,"98":2,"99":2,"100":1,"101":0,"102":1,"103":0,"104":0,"105":0,"106":0,"107":0,"108":0,"109":0,"110":1,"111":1,"112":1,"113":1,"114":1,"115":2,"116":2,"117":2,"118":0,"119":0,"120":0,"121":0},"f":{"0":2,"1":10,"2":0,"3":1,"4":0,"5":0,"6":2,"7":0,"8":0,"9":1,"10":3,"11":3,"12":0,"13":2,"14":2,"15":2,"16":2,"17":0},"b":{"0":[3,7],"1":[4,6],"2":[0,0],"3":[1,0],"4":[0,0],"5":[0,0],"6":[3,0],"7":[0,0],"8":[0,2],"9":[2,2],"10":[0,2],"11":[1,1],"12":[1,1],"13":[1,1],"14":[2,1],"15":[2,0],"16":[1,1],"17":[2,1],"18":[0,1],"19":[1,0],"20":[1,1],"21":[1,0],"22":[0,0]},"meta":{"lastBranch":23,"lastFunction":18,"lastStatement":122,"seen":{"s:9:55:9:Infinity":0,"s:10:31:10:Infinity":1,"s:31:28:232:Infinity":2,"f:31:28:31:47":0,"s:31:61:232:2":3,"f:38:2:38:17":1,"b:39:4:42:Infinity:undefined:undefined:undefined:undefined":0,"s:39:4:42:Infinity":4,"s:40:6:40:Infinity":5,"s:41:6:41:Infinity":6,"s:43:4:43:Infinity":7,"b:44:4:50:Infinity:undefined:undefined:undefined:undefined":1,"s:44:4:50:Infinity":8,"s:45:6:49:Infinity":9,"f:45:19:45:36":2,"b:46:8:48:Infinity:undefined:undefined:undefined:undefined":2,"s:46:8:48:Infinity":10,"s:47:10:47:Infinity":11,"f:53:2:53:20":3,"s:54:4:54:Infinity":12,"s:55:4:55:Infinity":13,"s:56:24:65:Infinity":14,"f:56:41:56:Infinity":4,"s:58:8:58:Infinity":15,"s:59:8:59:Infinity":16,"f:60:6:60:Infinity":5,"s:62:8:62:Infinity":17,"s:63:8:63:Infinity":18,"s:66:4:66:Infinity":19,"f:69:14:69:21":6,"s:70:4:70:Infinity":20,"s:71:4:71:Infinity":21,"s:72:4:83:Infinity":22,"s:73:17:73:Infinity":23,"s:74:6:74:Infinity":24,"s:75:6:75:Infinity":25,"s:76:6:76:Infinity":26,"s:78:22:78:Infinity":27,"b:78:47:78:63:78:63:78:Infinity":3,"s:79:6:79:Infinity":28,"s:80:6:80:Infinity":29,"s:81:6:81:Infinity":30,"s:82:6:82:Infinity":31,"f:86:14:86:21":7,"s:87:4:87:Infinity":32,"s:88:4:88:Infinity":33,"s:89:4:99:Infinity":34,"s:90:6:90:Infinity":35,"s:91:6:91:Infinity":36,"s:92:6:92:Infinity":37,"s:94:22:94:Infinity":38,"b:94:47:94:63:94:63:94:Infinity":4,"s:95:6:95:Infinity":39,"s:96:6:96:Infinity":40,"s:97:6:97:Infinity":41,"s:98:6:98:Infinity":42,"f:102:14:102:21":8,"s:103:4:103:Infinity":43,"s:104:4:104:Infinity":44,"s:105:4:115:Infinity":45,"s:106:6:106:Infinity":46,"s:107:6:107:Infinity":47,"s:108:6:108:Infinity":48,"s:110:22:110:Infinity":49,"b:110:47:110:63:110:63:110:Infinity":5,"s:111:6:111:Infinity":50,"s:112:6:112:Infinity":51,"s:113:6:113:Infinity":52,"s:114:6:114:Infinity":53,"f:118:16:118:23":9,"s:119:4:119:Infinity":54,"s:121:22:121:Infinity":55,"s:122:20:122:Infinity":56,"f:122:34:122:39":10,"s:122:45:122:54":57,"s:124:34:124:Infinity":58,"s:125:32:125:Infinity":59,"s:127:4:133:Infinity":60,"f:127:15:127:24":11,"s:128:19:128:Infinity":61,"b:129:6:132:Infinity:undefined:undefined:undefined:undefined":6,"s:129:6:132:Infinity":62,"s:130:8:130:Infinity":63,"s:131:8:131:Infinity":64,"s:136:4:138:Infinity":65,"f:136:12:136:21":12,"s:137:6:137:Infinity":66,"s:140:4:140:Infinity":67,"s:141:4:141:Infinity":68,"s:143:4:151:Infinity":69,"s:144:6:144:Infinity":70,"s:145:6:145:Infinity":71,"s:147:22:147:Infinity":72,"b:147:47:147:63:147:63:147:Infinity":7,"s:148:6:148:Infinity":73,"s:149:6:149:Infinity":74,"s:150:6:150:Infinity":75,"f:154:23:154:30":13,"s:155:4:155:Infinity":76,"s:156:22:156:Infinity":77,"s:157:17:157:Infinity":78,"f:157:23:157:29":14,"s:157:35:157:50":79,"s:158:24:158:Infinity":80,"b:160:4:163:Infinity:undefined:undefined:undefined:undefined":8,"s:160:4:163:Infinity":81,"b:160:8:160:17:160:17:160:31":9,"s:161:6:161:Infinity":82,"s:162:6:162:Infinity":83,"s:165:22:165:Infinity":84,"f:165:33:165:43":15,"s:165:48:165:63":85,"b:166:4:169:Infinity:undefined:undefined:undefined:undefined":10,"s:166:4:169:Infinity":86,"s:167:6:167:Infinity":87,"s:168:6:168:Infinity":88,"s:171:25:171:Infinity":89,"s:172:25:172:Infinity":90,"s:174:4:179:Infinity":91,"b:177:28:177:42:177:42:177:Infinity":11,"b:178:28:178:55:178:55:178:Infinity":12,"s:182:27:182:Infinity":92,"b:183:4:187:Infinity:185:11:187:Infinity":13,"s:183:4:187:Infinity":93,"b:183:8:183:18:183:18:183:40":14,"s:184:6:184:Infinity":94,"s:186:6:186:Infinity":95,"s:189:4:192:Infinity":96,"f:190:19:190:23":16,"s:190:28:190:79":97,"b:190:46:190:78:190:78:190:79":15,"s:193:4:193:Infinity":98,"b:196:4:220:Infinity:215:11:220:Infinity":16,"s:196:4:220:Infinity":99,"b:196:8:196:18:196:18:196:40":17,"b:197:6:199:Infinity:undefined:undefined:undefined:undefined":18,"s:197:6:199:Infinity":100,"s:198:8:198:Infinity":101,"s:201:20:212:Infinity":102,"f:201:31:201:43":17,"s:202:8:211:Infinity":103,"s:203:10:203:Infinity":104,"s:205:10:205:Infinity":105,"s:207:29:207:Infinity":106,"s:208:10:208:Infinity":107,"s:209:10:209:Infinity":108,"s:210:10:210:Infinity":109,"s:214:6:214:Infinity":110,"b:215:11:220:Infinity:undefined:undefined:undefined:undefined":19,"s:215:11:220:Infinity":111,"b:215:15:215:26:215:26:215:47":20,"b:216:6:219:Infinity:undefined:undefined:undefined:undefined":21,"s:216:6:219:Infinity":112,"s:217:8:217:Infinity":113,"s:218:8:218:Infinity":114,"s:222:4:230:Infinity":115,"s:223:6:223:Infinity":116,"s:224:6:224:Infinity":117,"s:226:22:226:Infinity":118,"b:226:47:226:63:226:63:226:Infinity":22,"s:227:6:227:Infinity":119,"s:228:6:228:Infinity":120,"s:229:6:229:Infinity":121},"fnNames":{}}}
,"/Users/most-too/Desktop/dual_todolist/dual-todo/src/types/auth.ts": {"path":"/Users/most-too/Desktop/dual_todolist/dual-todo/src/types/auth.ts","statementMap":{"0":{"start":{"line":10,"column":52},"end":{"line":23,"column":null}},"1":{"start":{"line":30,"column":13},"end":{"line":43,"column":null}},"2":{"start":{"line":31,"column":41},"end":{"line":31,"column":null}},"3":{"start":{"line":32,"column":18},"end":{"line":32,"column":null}},"4":{"start":{"line":33,"column":18},"end":{"line":33,"column":null}},"5":{"start":{"line":35,"column":2},"end":{"line":37,"column":null}},"6":{"start":{"line":36,"column":4},"end":{"line":36,"column":null}},"7":{"start":{"line":38,"column":2},"end":{"line":40,"column":null}},"8":{"start":{"line":39,"column":4},"end":{"line":39,"column":null}},"9":{"start":{"line":42,"column":2},"end":{"line":42,"column":null}}},"fnMap":{"0":{"name":"(anonymous_0)","decl":{"start":{"line":30,"column":13},"end":{"line":30,"column":59}},"loc":{"start":{"line":30,"column":59},"end":{"line":43,"column":null}},"line":30}},"branchMap":{"0":{"loc":{"start":{"line":35,"column":2},"end":{"line":37,"column":null}},"type":"if","locations":[{"start":{"line":35,"column":2},"end":{"line":37,"column":null}},{"start":{},"end":{}}],"line":35},"1":{"loc":{"start":{"line":38,"column":2},"end":{"line":40,"column":null}},"type":"if","locations":[{"start":{"line":38,"column":2},"end":{"line":40,"column":null}},{"start":{},"end":{}}],"line":38}},"s":{"0":4,"1":4,"2":7,"3":7,"4":7,"5":7,"6":7,"7":7,"8":7,"9":7},"f":{"0":7},"b":{"0":[7,0],"1":[7,0]},"meta":{"lastBranch":2,"lastFunction":1,"lastStatement":10,"seen":{"s:10:52:23:Infinity":0,"s:30:13:43:Infinity":1,"f:30:13:30:59":0,"s:31:41:31:Infinity":2,"s:32:18:32:Infinity":3,"s:33:18:33:Infinity":4,"b:35:2:37:Infinity:undefined:undefined:undefined:undefined":0,"s:35:2:37:Infinity":5,"s:36:4:36:Infinity":6,"b:38:2:40:Infinity:undefined:undefined:undefined:undefined":1,"s:38:2:40:Infinity":7,"s:39:4:39:Infinity":8,"s:42:2:42:Infinity":9},"fnNames":{}}}
,"/Users/most-too/Desktop/dual_todolist/dual-todo/src/utils/dateFormat.ts": {"path":"/Users/most-too/Desktop/dual_todolist/dual-todo/src/utils/dateFormat.ts","statementMap":{"0":{"start":{"line":11,"column":22},"end":{"line":11,"column":null}},"1":{"start":{"line":12,"column":14},"end":{"line":12,"column":null}},"2":{"start":{"line":13,"column":16},"end":{"line":13,"column":null}},"3":{"start":{"line":15,"column":19},"end":{"line":15,"column":null}},"4":{"start":{"line":16,"column":2},"end":{"line":16,"column":null}},"5":{"start":{"line":23,"column":22},"end":{"line":23,"column":null}},"6":{"start":{"line":24,"column":17},"end":{"line":24,"column":null}},"7":{"start":{"line":25,"column":14},"end":{"line":25,"column":null}},"8":{"start":{"line":26,"column":19},"end":{"line":26,"column":null}},"9":{"start":{"line":27,"column":15},"end":{"line":27,"column":null}},"10":{"start":{"line":28,"column":2},"end":{"line":28,"column":null}}},"fnMap":{"0":{"name":"formatThaiDate","decl":{"start":{"line":9,"column":16},"end":{"line":9,"column":31}},"loc":{"start":{"line":9,"column":64},"end":{"line":17,"column":null}},"line":9},"1":{"name":"formatSummaryDate","decl":{"start":{"line":22,"column":16},"end":{"line":22,"column":34}},"loc":{"start":{"line":22,"column":67},"end":{"line":29,"column":null}},"line":22}},"branchMap":{"0":{"loc":{"start":{"line":9,"column":31},"end":{"line":9,"column":64}},"type":"default-arg","locations":[{"start":{"line":9,"column":44},"end":{"line":9,"column":64}}],"line":9},"1":{"loc":{"start":{"line":22,"column":34},"end":{"line":22,"column":67}},"type":"default-arg","locations":[{"start":{"line":22,"column":47},"end":{"line":22,"column":67}}],"line":22}},"s":{"0":28,"1":28,"2":28,"3":28,"4":28,"5":3,"6":3,"7":3,"8":3,"9":3,"10":3},"f":{"0":28,"1":3},"b":{"0":[28],"1":[3]},"meta":{"lastBranch":2,"lastFunction":2,"lastStatement":11,"seen":{"f:9:16:9:31":0,"b:9:44:9:64":0,"s:11:22:11:Infinity":0,"s:12:14:12:Infinity":1,"s:13:16:13:Infinity":2,"s:15:19:15:Infinity":3,"s:16:2:16:Infinity":4,"f:22:16:22:34":1,"b:22:47:22:67":1,"s:23:22:23:Infinity":5,"s:24:17:24:Infinity":6,"s:25:14:25:Infinity":7,"s:26:19:26:Infinity":8,"s:27:15:27:Infinity":9,"s:28:2:28:Infinity":10},"fnNames":{}}}
}
